{"/home/travis/build/npmtest/node-npmtest-pushwoosh-cordova-plugin/test.js":{"path":"/home/travis/build/npmtest/node-npmtest-pushwoosh-cordova-plugin/test.js","s":{"1":2,"2":2,"3":2,"4":2,"5":2,"6":2,"7":2,"8":1,"9":2,"10":2,"11":1,"12":1,"13":1,"14":1,"15":2,"16":2,"17":2,"18":2,"19":1,"20":1,"21":2,"22":2,"23":2,"24":1,"25":1,"26":1,"27":1,"28":1,"29":1,"30":1,"31":1,"32":1,"33":1,"34":1,"35":1,"36":1,"37":1,"38":1,"39":2,"40":2,"41":1,"42":2,"43":2,"44":1,"45":2,"46":2,"47":1,"48":2,"49":2,"50":1,"51":1,"52":1,"53":1,"54":1},"b":{"1":[2,1,1,1],"2":[1,1,1,1],"3":[1,1],"4":[1,1],"5":[1,1],"6":[1,1],"7":[1,1],"8":[1,1],"9":[1,1],"10":[1,1,1],"11":[1,1],"12":[1,1],"13":[1,1],"14":[1,1],"15":[1,1],"16":[1,1],"17":[1,1]},"f":{"1":2,"2":2,"3":2,"4":2,"5":2,"6":1,"7":1,"8":1,"9":2,"10":2,"11":2,"12":2,"13":1},"fnMap":{"1":{"name":"(anonymous_1)","line":12,"loc":{"start":{"line":12,"column":1},"end":{"line":12,"column":13}}},"2":{"name":"(anonymous_2)","line":19,"loc":{"start":{"line":19,"column":5},"end":{"line":19,"column":17}}},"3":{"name":"(anonymous_3)","line":23,"loc":{"start":{"line":23,"column":24},"end":{"line":23,"column":36}}},"4":{"name":"(anonymous_4)","line":61,"loc":{"start":{"line":61,"column":5},"end":{"line":61,"column":17}}},"5":{"name":"(anonymous_5)","line":82,"loc":{"start":{"line":82,"column":5},"end":{"line":82,"column":17}}},"6":{"name":"(anonymous_6)","line":91,"loc":{"start":{"line":91,"column":77},"end":{"line":94,"column":10}}},"7":{"name":"(anonymous_7)","line":112,"loc":{"start":{"line":112,"column":83},"end":{"line":115,"column":10}},"skip":true},"8":{"name":"(anonymous_8)","line":123,"loc":{"start":{"line":123,"column":77},"end":{"line":126,"column":10}},"skip":true},"9":{"name":"(anonymous_9)","line":139,"loc":{"start":{"line":139,"column":12},"end":{"line":139,"column":40}},"skip":true},"10":{"name":"(anonymous_10)","line":147,"loc":{"start":{"line":147,"column":77},"end":{"line":150,"column":10}},"skip":true},"11":{"name":"(anonymous_11)","line":158,"loc":{"start":{"line":158,"column":83},"end":{"line":161,"column":10}},"skip":true},"12":{"name":"(anonymous_12)","line":169,"loc":{"start":{"line":169,"column":79},"end":{"line":172,"column":10}},"skip":true},"13":{"name":"(anonymous_13)","line":180,"loc":{"start":{"line":180,"column":75},"end":{"line":183,"column":10}},"skip":true}},"statementMap":{"1":{"start":{"line":12,"column":0},"end":{"line":195,"column":5}},"2":{"start":{"line":14,"column":4},"end":{"line":14,"column":14}},"3":{"start":{"line":19,"column":4},"end":{"line":56,"column":9}},"4":{"start":{"line":21,"column":8},"end":{"line":21,"column":19}},"5":{"start":{"line":23,"column":8},"end":{"line":35,"column":13}},"6":{"start":{"line":24,"column":12},"end":{"line":34,"column":13}},"7":{"start":{"line":25,"column":16},"end":{"line":28,"column":30}},"8":{"start":{"line":30,"column":16},"end":{"line":33,"column":27}},"9":{"start":{"line":37,"column":8},"end":{"line":39,"column":21}},"10":{"start":{"line":40,"column":8},"end":{"line":53,"column":9}},"11":{"start":{"line":43,"column":12},"end":{"line":46,"column":14}},"12":{"start":{"line":47,"column":12},"end":{"line":47,"column":18}},"13":{"start":{"line":50,"column":12},"end":{"line":51,"column":46}},"14":{"start":{"line":52,"column":12},"end":{"line":52,"column":18}},"15":{"start":{"line":55,"column":8},"end":{"line":55,"column":35}},"16":{"start":{"line":61,"column":4},"end":{"line":63,"column":9}},"17":{"start":{"line":62,"column":8},"end":{"line":62,"column":15}},"18":{"start":{"line":64,"column":4},"end":{"line":77,"column":5}},"19":{"start":{"line":70,"column":8},"end":{"line":70,"column":14}},"20":{"start":{"line":76,"column":8},"end":{"line":76,"column":14}},"21":{"start":{"line":82,"column":4},"end":{"line":84,"column":9}},"22":{"start":{"line":83,"column":8},"end":{"line":83,"column":15}},"23":{"start":{"line":85,"column":4},"end":{"line":194,"column":5}},"24":{"start":{"line":91,"column":8},"end":{"line":99,"column":10}},"25":{"start":{"line":98,"column":12},"end":{"line":98,"column":35}},"26":{"start":{"line":102,"column":8},"end":{"line":104,"column":63}},"27":{"start":{"line":105,"column":8},"end":{"line":105,"column":14}},"28":{"start":{"line":112,"column":8},"end":{"line":121,"column":10},"skip":true},"29":{"start":{"line":119,"column":12},"end":{"line":119,"column":55},"skip":true},"30":{"start":{"line":120,"column":12},"end":{"line":120,"column":48},"skip":true},"31":{"start":{"line":123,"column":8},"end":{"line":136,"column":10},"skip":true},"32":{"start":{"line":130,"column":12},"end":{"line":130,"column":76},"skip":true},"33":{"start":{"line":131,"column":12},"end":{"line":131,"column":73},"skip":true},"34":{"start":{"line":132,"column":12},"end":{"line":132,"column":74},"skip":true},"35":{"start":{"line":133,"column":12},"end":{"line":133,"column":79},"skip":true},"36":{"start":{"line":134,"column":12},"end":{"line":134,"column":25},"skip":true},"37":{"start":{"line":135,"column":12},"end":{"line":135,"column":45},"skip":true},"38":{"start":{"line":138,"column":8},"end":{"line":145,"column":14},"skip":true},"39":{"start":{"line":143,"column":16},"end":{"line":143,"column":29},"skip":true},"40":{"start":{"line":144,"column":16},"end":{"line":144,"column":55},"skip":true},"41":{"start":{"line":147,"column":8},"end":{"line":156,"column":10},"skip":true},"42":{"start":{"line":154,"column":12},"end":{"line":154,"column":25},"skip":true},"43":{"start":{"line":155,"column":12},"end":{"line":155,"column":45},"skip":true},"44":{"start":{"line":158,"column":8},"end":{"line":167,"column":10},"skip":true},"45":{"start":{"line":165,"column":12},"end":{"line":165,"column":25},"skip":true},"46":{"start":{"line":166,"column":12},"end":{"line":166,"column":48},"skip":true},"47":{"start":{"line":169,"column":8},"end":{"line":178,"column":10},"skip":true},"48":{"start":{"line":176,"column":12},"end":{"line":176,"column":25},"skip":true},"49":{"start":{"line":177,"column":12},"end":{"line":177,"column":46},"skip":true},"50":{"start":{"line":180,"column":8},"end":{"line":189,"column":10},"skip":true},"51":{"start":{"line":187,"column":12},"end":{"line":187,"column":94},"skip":true},"52":{"start":{"line":188,"column":12},"end":{"line":188,"column":48},"skip":true},"53":{"start":{"line":192,"column":8},"end":{"line":192,"column":35},"skip":true},"54":{"start":{"line":193,"column":8},"end":{"line":193,"column":14},"skip":true}},"branchMap":{"1":{"line":25,"type":"binary-expr","locations":[{"start":{"line":25,"column":23},"end":{"line":25,"column":62}},{"start":{"line":26,"column":20},"end":{"line":26,"column":70}},{"start":{"line":27,"column":20},"end":{"line":27,"column":71}},{"start":{"line":28,"column":20},"end":{"line":28,"column":29}}]},"2":{"line":30,"type":"binary-expr","locations":[{"start":{"line":30,"column":23},"end":{"line":30,"column":37}},{"start":{"line":31,"column":20},"end":{"line":31,"column":61}},{"start":{"line":32,"column":20},"end":{"line":32,"column":70}},{"start":{"line":33,"column":20},"end":{"line":33,"column":26}}]},"3":{"line":37,"type":"cond-expr","locations":[{"start":{"line":38,"column":14},"end":{"line":38,"column":20}},{"start":{"line":39,"column":14},"end":{"line":39,"column":20}}]},"4":{"line":40,"type":"switch","locations":[{"start":{"line":42,"column":8},"end":{"line":47,"column":18}},{"start":{"line":49,"column":8},"end":{"line":52,"column":18}}]},"5":{"line":44,"type":"binary-expr","locations":[{"start":{"line":44,"column":16},"end":{"line":44,"column":44}},{"start":{"line":44,"column":48},"end":{"line":44,"column":66}}]},"6":{"line":50,"type":"binary-expr","locations":[{"start":{"line":50,"column":21},"end":{"line":50,"column":49}},{"start":{"line":50,"column":53},"end":{"line":50,"column":72}}]},"7":{"line":64,"type":"switch","locations":[{"start":{"line":69,"column":4},"end":{"line":70,"column":14}},{"start":{"line":75,"column":4},"end":{"line":76,"column":14}}]},"8":{"line":85,"type":"switch","locations":[{"start":{"line":90,"column":4},"end":{"line":105,"column":14}},{"start":{"line":111,"column":4},"end":{"line":193,"column":14},"skip":true}]},"9":{"line":91,"type":"binary-expr","locations":[{"start":{"line":91,"column":42},"end":{"line":91,"column":73}},{"start":{"line":91,"column":77},"end":{"line":99,"column":9}}]},"10":{"line":102,"type":"binary-expr","locations":[{"start":{"line":102,"column":18},"end":{"line":102,"column":32}},{"start":{"line":103,"column":12},"end":{"line":103,"column":53}},{"start":{"line":104,"column":12},"end":{"line":104,"column":61}}]},"11":{"line":112,"type":"binary-expr","locations":[{"start":{"line":112,"column":45},"end":{"line":112,"column":79},"skip":true},{"start":{"line":112,"column":83},"end":{"line":121,"column":9},"skip":true}]},"12":{"line":123,"type":"binary-expr","locations":[{"start":{"line":123,"column":42},"end":{"line":123,"column":73},"skip":true},{"start":{"line":123,"column":77},"end":{"line":136,"column":9},"skip":true}]},"13":{"line":138,"type":"binary-expr","locations":[{"start":{"line":138,"column":48},"end":{"line":138,"column":85},"skip":true},{"start":{"line":139,"column":12},"end":{"line":145,"column":13},"skip":true}]},"14":{"line":147,"type":"binary-expr","locations":[{"start":{"line":147,"column":42},"end":{"line":147,"column":73},"skip":true},{"start":{"line":147,"column":77},"end":{"line":156,"column":9},"skip":true}]},"15":{"line":158,"type":"binary-expr","locations":[{"start":{"line":158,"column":45},"end":{"line":158,"column":79},"skip":true},{"start":{"line":158,"column":83},"end":{"line":167,"column":9},"skip":true}]},"16":{"line":169,"type":"binary-expr","locations":[{"start":{"line":169,"column":43},"end":{"line":169,"column":75},"skip":true},{"start":{"line":169,"column":79},"end":{"line":178,"column":9},"skip":true}]},"17":{"line":180,"type":"binary-expr","locations":[{"start":{"line":180,"column":41},"end":{"line":180,"column":71},"skip":true},{"start":{"line":180,"column":75},"end":{"line":189,"column":9},"skip":true}]}},"code":["/* istanbul instrument in package npmtest_pushwoosh_cordova_plugin */","/*jslint","    bitwise: true,","    browser: true,","    maxerr: 8,","    maxlen: 96,","    node: true,","    nomen: true,","    regexp: true,","    stupid: true","*/","(function () {","    'use strict';","    var local;","","","","    // run shared js-env code - pre-init","    (function () {","        // init local","        local = {};","        // init modeJs","        local.modeJs = (function () {","            try {","                return typeof navigator.userAgent === 'string' &&","                    typeof document.querySelector('body') === 'object' &&","                    typeof XMLHttpRequest.prototype.open === 'function' &&","                    'browser';","            } catch (errorCaughtBrowser) {","                return module.exports &&","                    typeof process.versions.node === 'string' &&","                    typeof require('http').createServer === 'function' &&","                    'node';","            }","        }());","        // init global","        local.global = local.modeJs === 'browser'","            ? window","            : global;","        switch (local.modeJs) {","        // re-init local from window.local","        case 'browser':","            local = local.global.utility2.objectSetDefault(","                local.global.utility2_rollup || local.global.local,","                local.global.utility2","            );","            break;","        // re-init local from example.js","        case 'node':","            local = (local.global.utility2_rollup || require('utility2'))","                .requireExampleJsFromReadme();","            break;","        }","        // export local","        local.global.local = local;","    }());","","","","    // run shared js-env code - function","    (function () {","        return;","    }());","    switch (local.modeJs) {","","","","    // run browser js-env code - function","    case 'browser':","        break;","","","","    // run node js-env code - function","    case 'node':","        break;","    }","","","","    // run shared js-env code - post-init","    (function () {","        return;","    }());","    switch (local.modeJs) {","","","","    // run browser js-env code - post-init","    case 'browser':","        local.testCase_browser_nullCase = local.testCase_browser_nullCase || function (","            options,","            onError","        ) {","        /*","         * this function will test browsers's null-case handling-behavior-behavior","         */","            onError(null, options);","        };","","        // run tests","        local.nop(local.modeTest &&","            document.querySelector('#testRunButton1') &&","            document.querySelector('#testRunButton1').click());","        break;","","","","    // run node js-env code - post-init","    /* istanbul ignore next */","    case 'node':","        local.testCase_buildApidoc_default = local.testCase_buildApidoc_default || function (","            options,","            onError","        ) {","        /*","         * this function will test buildApidoc's default handling-behavior-behavior","         */","            options = { modulePathList: module.paths };","            local.buildApidoc(options, onError);","        };","","        local.testCase_buildApp_default = local.testCase_buildApp_default || function (","            options,","            onError","        ) {","        /*","         * this function will test buildApp's default handling-behavior-behavior","         */","            local.testCase_buildReadme_default(options, local.onErrorThrow);","            local.testCase_buildLib_default(options, local.onErrorThrow);","            local.testCase_buildTest_default(options, local.onErrorThrow);","            local.testCase_buildCustomOrg_default(options, local.onErrorThrow);","            options = [];","            local.buildApp(options, onError);","        };","","        local.testCase_buildCustomOrg_default = local.testCase_buildCustomOrg_default ||","            function (options, onError) {","            /*","             * this function will test buildCustomOrg's default handling-behavior","             */","                options = {};","                local.buildCustomOrg(options, onError);","            };","","        local.testCase_buildLib_default = local.testCase_buildLib_default || function (","            options,","            onError","        ) {","        /*","         * this function will test buildLib's default handling-behavior","         */","            options = {};","            local.buildLib(options, onError);","        };","","        local.testCase_buildReadme_default = local.testCase_buildReadme_default || function (","            options,","            onError","        ) {","        /*","         * this function will test buildReadme's default handling-behavior-behavior","         */","            options = {};","            local.buildReadme(options, onError);","        };","","        local.testCase_buildTest_default = local.testCase_buildTest_default || function (","            options,","            onError","        ) {","        /*","         * this function will test buildTest's default handling-behavior","         */","            options = {};","            local.buildTest(options, onError);","        };","","        local.testCase_webpage_default = local.testCase_webpage_default || function (","            options,","            onError","        ) {","        /*","         * this function will test webpage's default handling-behavior","         */","            options = { modeCoverageMerge: true, url: local.serverLocalHost + '?modeTest=1' };","            local.browserTest(options, onError);","        };","","        // run test-server","        local.testRunServer(local);","        break;","    }","}());",""],"l":{"12":2,"14":2,"19":2,"21":2,"23":2,"24":2,"25":2,"30":1,"37":2,"40":2,"43":1,"47":1,"50":1,"52":1,"55":2,"61":2,"62":2,"64":2,"70":1,"76":1,"82":2,"83":2,"85":2,"91":1,"98":1,"102":1,"105":1,"112":1,"119":1,"120":1,"123":1,"130":1,"131":1,"132":1,"133":1,"134":1,"135":1,"138":1,"143":2,"144":2,"147":1,"154":2,"155":2,"158":1,"165":2,"166":2,"169":1,"176":2,"177":2,"180":1,"187":1,"188":1,"192":1,"193":1}},"/home/travis/build/npmtest/node-npmtest-pushwoosh-cordova-plugin/lib.npmtest_pushwoosh_cordova_plugin.js":{"path":"/home/travis/build/npmtest/node-npmtest-pushwoosh-cordova-plugin/lib.npmtest_pushwoosh_cordova_plugin.js","s":{"1":2,"2":2,"3":2,"4":2,"5":2,"6":2,"7":2,"8":1,"9":2,"10":2,"11":2,"12":2,"13":1,"14":1,"15":1,"16":1},"b":{"1":[2,1,1,1],"2":[1,1,1,1],"3":[1,1],"4":[2,2],"5":[1,1]},"f":{"1":2,"2":2,"3":2},"fnMap":{"1":{"name":"(anonymous_1)","line":12,"loc":{"start":{"line":12,"column":1},"end":{"line":12,"column":13}}},"2":{"name":"(anonymous_2)","line":19,"loc":{"start":{"line":19,"column":5},"end":{"line":19,"column":17}}},"3":{"name":"(anonymous_3)","line":23,"loc":{"start":{"line":23,"column":24},"end":{"line":23,"column":36}}}},"statementMap":{"1":{"start":{"line":12,"column":0},"end":{"line":53,"column":5}},"2":{"start":{"line":14,"column":4},"end":{"line":14,"column":14}},"3":{"start":{"line":19,"column":4},"end":{"line":52,"column":9}},"4":{"start":{"line":21,"column":8},"end":{"line":21,"column":19}},"5":{"start":{"line":23,"column":8},"end":{"line":35,"column":13}},"6":{"start":{"line":24,"column":12},"end":{"line":34,"column":13}},"7":{"start":{"line":25,"column":16},"end":{"line":28,"column":30}},"8":{"start":{"line":30,"column":16},"end":{"line":33,"column":27}},"9":{"start":{"line":37,"column":8},"end":{"line":39,"column":21}},"10":{"start":{"line":41,"column":8},"end":{"line":41,"column":54}},"11":{"start":{"line":43,"column":8},"end":{"line":43,"column":69}},"12":{"start":{"line":45,"column":8},"end":{"line":51,"column":9}},"13":{"start":{"line":46,"column":12},"end":{"line":46,"column":75}},"14":{"start":{"line":48,"column":12},"end":{"line":48,"column":35}},"15":{"start":{"line":49,"column":12},"end":{"line":49,"column":49}},"16":{"start":{"line":50,"column":12},"end":{"line":50,"column":43}}},"branchMap":{"1":{"line":25,"type":"binary-expr","locations":[{"start":{"line":25,"column":23},"end":{"line":25,"column":62}},{"start":{"line":26,"column":20},"end":{"line":26,"column":70}},{"start":{"line":27,"column":20},"end":{"line":27,"column":71}},{"start":{"line":28,"column":20},"end":{"line":28,"column":29}}]},"2":{"line":30,"type":"binary-expr","locations":[{"start":{"line":30,"column":23},"end":{"line":30,"column":37}},{"start":{"line":31,"column":20},"end":{"line":31,"column":61}},{"start":{"line":32,"column":20},"end":{"line":32,"column":70}},{"start":{"line":33,"column":20},"end":{"line":33,"column":26}}]},"3":{"line":37,"type":"cond-expr","locations":[{"start":{"line":38,"column":14},"end":{"line":38,"column":20}},{"start":{"line":39,"column":14},"end":{"line":39,"column":20}}]},"4":{"line":41,"type":"binary-expr","locations":[{"start":{"line":41,"column":16},"end":{"line":41,"column":44}},{"start":{"line":41,"column":48},"end":{"line":41,"column":53}}]},"5":{"line":45,"type":"if","locations":[{"start":{"line":45,"column":8},"end":{"line":45,"column":8}},{"start":{"line":45,"column":8},"end":{"line":45,"column":8}}]}},"code":["/* istanbul instrument in package npmtest_pushwoosh_cordova_plugin */","/*jslint","    bitwise: true,","    browser: true,","    maxerr: 8,","    maxlen: 96,","    node: true,","    nomen: true,","    regexp: true,","    stupid: true","*/","(function () {","    'use strict';","    var local;","","","","    // run shared js-env code - pre-init","    (function () {","        // init local","        local = {};","        // init modeJs","        local.modeJs = (function () {","            try {","                return typeof navigator.userAgent === 'string' &&","                    typeof document.querySelector('body') === 'object' &&","                    typeof XMLHttpRequest.prototype.open === 'function' &&","                    'browser';","            } catch (errorCaughtBrowser) {","                return module.exports &&","                    typeof process.versions.node === 'string' &&","                    typeof require('http').createServer === 'function' &&","                    'node';","            }","        }());","        // init global","        local.global = local.modeJs === 'browser'","            ? window","            : global;","        // init utility2_rollup","        local = local.global.utility2_rollup || local;","        // init lib","        local.local = local.npmtest_pushwoosh_cordova_plugin = local;","        // init exports","        if (local.modeJs === 'browser') {","            local.global.utility2_npmtest_pushwoosh_cordova_plugin = local;","        } else {","            module.exports = local;","            module.exports.__dirname = __dirname;","            module.exports.module = module;","        }","    }());","}());",""],"l":{"12":2,"14":2,"19":2,"21":2,"23":2,"24":2,"25":2,"30":1,"37":2,"41":2,"43":2,"45":2,"46":1,"48":1,"49":1,"50":1}},"/home/travis/build/npmtest/node-npmtest-pushwoosh-cordova-plugin/example.js":{"path":"/home/travis/build/npmtest/node-npmtest-pushwoosh-cordova-plugin/example.js","s":{"1":2,"2":2,"3":2,"4":2,"5":2,"6":2,"7":2,"8":1,"9":2,"10":2,"11":2,"12":2,"13":1,"14":2,"15":2,"16":2,"17":2,"18":2,"19":0,"20":2,"21":1,"22":1,"23":1,"24":1,"25":1,"26":0,"27":0,"28":1,"29":1,"30":2,"31":0,"32":0,"33":0,"34":1,"35":2,"36":2,"37":3,"38":3,"39":3,"40":3,"41":0,"42":3,"43":3,"44":3,"45":1,"46":3,"47":1,"48":1,"49":1,"50":1,"51":1,"52":1,"53":1,"54":1,"55":1,"56":1,"57":0,"58":1,"59":6,"60":6,"61":1,"62":2,"63":0,"64":2,"65":1,"66":1,"67":0,"68":0,"69":0,"70":0,"71":0,"72":0,"73":0,"74":0,"75":0,"76":0,"77":0,"78":0,"79":0,"80":0,"81":0,"82":0,"83":0},"b":{"1":[2,1,1,1],"2":[1,1,1,1],"3":[1,1],"4":[2,2],"5":[1,1],"6":[1,1],"7":[2,0],"8":[2,1,1,1,1,1],"9":[0,2,0],"10":[1,1],"11":[2,1,1],"12":[1,0],"13":[0,2],"14":[2,0,0,0,0,0,0],"15":[0,3],"16":[3,0],"17":[1,1],"18":[0,1],"19":[1,2,0,2],"20":[1,0],"21":[1,1],"22":[0,0],"23":[0,0],"24":[0,0],"25":[0,0],"26":[0,0],"27":[0,0],"28":[0,0]},"f":{"1":2,"2":2,"3":2,"4":2,"5":2,"6":2,"7":3,"8":3,"9":3,"10":1,"11":6,"12":0},"fnMap":{"1":{"name":"(anonymous_1)","line":26,"loc":{"start":{"line":26,"column":1},"end":{"line":26,"column":13}}},"2":{"name":"(anonymous_2)","line":33,"loc":{"start":{"line":33,"column":5},"end":{"line":33,"column":17}}},"3":{"name":"(anonymous_3)","line":37,"loc":{"start":{"line":37,"column":24},"end":{"line":37,"column":36}}},"4":{"name":"(anonymous_4)","line":69,"loc":{"start":{"line":69,"column":31},"end":{"line":69,"column":48}},"skip":true},"5":{"name":"(anonymous_5)","line":78,"loc":{"start":{"line":78,"column":26},"end":{"line":78,"column":45}},"skip":true},"6":{"name":"(anonymous_6)","line":123,"loc":{"start":{"line":123,"column":33},"end":{"line":123,"column":48}},"skip":true},"7":{"name":"(anonymous_7)","line":125,"loc":{"start":{"line":125,"column":27},"end":{"line":125,"column":39}},"skip":true},"8":{"name":"(anonymous_8)","line":133,"loc":{"start":{"line":133,"column":59},"end":{"line":133,"column":74}},"skip":true},"9":{"name":"(anonymous_9)","line":143,"loc":{"start":{"line":143,"column":45},"end":{"line":143,"column":62}},"skip":true},"10":{"name":"(anonymous_10)","line":144,"loc":{"start":{"line":144,"column":73},"end":{"line":144,"column":92}},"skip":true},"11":{"name":"(anonymous_11)","line":272,"loc":{"start":{"line":272,"column":51},"end":{"line":272,"column":77}},"skip":true},"12":{"name":"(anonymous_12)","line":315,"loc":{"start":{"line":315,"column":32},"end":{"line":315,"column":61}},"skip":true}},"statementMap":{"1":{"start":{"line":26,"column":0},"end":{"line":326,"column":5}},"2":{"start":{"line":28,"column":4},"end":{"line":28,"column":14}},"3":{"start":{"line":33,"column":4},"end":{"line":60,"column":9}},"4":{"start":{"line":35,"column":8},"end":{"line":35,"column":19}},"5":{"start":{"line":37,"column":8},"end":{"line":49,"column":13}},"6":{"start":{"line":38,"column":12},"end":{"line":48,"column":13}},"7":{"start":{"line":39,"column":16},"end":{"line":42,"column":30}},"8":{"start":{"line":44,"column":16},"end":{"line":47,"column":27}},"9":{"start":{"line":51,"column":8},"end":{"line":53,"column":21}},"10":{"start":{"line":55,"column":8},"end":{"line":57,"column":45}},"11":{"start":{"line":59,"column":8},"end":{"line":59,"column":35}},"12":{"start":{"line":61,"column":4},"end":{"line":325,"column":5}},"13":{"start":{"line":69,"column":8},"end":{"line":121,"column":10},"skip":true},"14":{"start":{"line":70,"column":12},"end":{"line":88,"column":13},"skip":true},"15":{"start":{"line":76,"column":16},"end":{"line":87,"column":19},"skip":true},"16":{"start":{"line":79,"column":20},"end":{"line":86,"column":21},"skip":true},"17":{"start":{"line":82,"column":24},"end":{"line":82,"column":43},"skip":true},"18":{"start":{"line":83,"column":24},"end":{"line":83,"column":30},"skip":true},"19":{"start":{"line":85,"column":24},"end":{"line":85,"column":49},"skip":true},"20":{"start":{"line":89,"column":12},"end":{"line":107,"column":13},"skip":true},"21":{"start":{"line":92,"column":16},"end":{"line":102,"column":17},"skip":true},"22":{"start":{"line":93,"column":20},"end":{"line":93,"column":86},"skip":true},"23":{"start":{"line":94,"column":20},"end":{"line":95,"column":45},"skip":true},"24":{"start":{"line":96,"column":20},"end":{"line":96,"column":42},"skip":true},"25":{"start":{"line":97,"column":20},"end":{"line":97,"column":48},"skip":true},"26":{"start":{"line":100,"column":20},"end":{"line":100,"column":85},"skip":true},"27":{"start":{"line":101,"column":20},"end":{"line":101,"column":96},"skip":true},"28":{"start":{"line":103,"column":16},"end":{"line":103,"column":22},"skip":true},"29":{"start":{"line":106,"column":16},"end":{"line":106,"column":22},"skip":true},"30":{"start":{"line":108,"column":12},"end":{"line":120,"column":13},"skip":true},"31":{"start":{"line":114,"column":16},"end":{"line":119,"column":17},"skip":true},"32":{"start":{"line":116,"column":20},"end":{"line":116,"column":78},"skip":true},"33":{"start":{"line":118,"column":20},"end":{"line":118,"column":47},"skip":true},"34":{"start":{"line":123,"column":8},"end":{"line":141,"column":11},"skip":true},"35":{"start":{"line":124,"column":12},"end":{"line":124,"column":54},"skip":true},"36":{"start":{"line":125,"column":12},"end":{"line":140,"column":14},"skip":true},"37":{"start":{"line":126,"column":16},"end":{"line":126,"column":28},"skip":true},"38":{"start":{"line":127,"column":16},"end":{"line":127,"column":69},"skip":true},"39":{"start":{"line":128,"column":16},"end":{"line":128,"column":75},"skip":true},"40":{"start":{"line":129,"column":16},"end":{"line":131,"column":17},"skip":true},"41":{"start":{"line":130,"column":20},"end":{"line":130,"column":27},"skip":true},"42":{"start":{"line":133,"column":16},"end":{"line":137,"column":36},"skip":true},"43":{"start":{"line":134,"column":20},"end":{"line":136,"column":55},"skip":true},"44":{"start":{"line":139,"column":16},"end":{"line":139,"column":57},"skip":true},"45":{"start":{"line":143,"column":8},"end":{"line":147,"column":11},"skip":true},"46":{"start":{"line":144,"column":12},"end":{"line":146,"column":15},"skip":true},"47":{"start":{"line":145,"column":16},"end":{"line":145,"column":70},"skip":true},"48":{"start":{"line":149,"column":8},"end":{"line":149,"column":31},"skip":true},"49":{"start":{"line":150,"column":8},"end":{"line":150,"column":14},"skip":true},"50":{"start":{"line":158,"column":8},"end":{"line":158,"column":31},"skip":true},"51":{"start":{"line":160,"column":8},"end":{"line":160,"column":33},"skip":true},"52":{"start":{"line":161,"column":8},"end":{"line":161,"column":37},"skip":true},"53":{"start":{"line":162,"column":8},"end":{"line":162,"column":35},"skip":true},"54":{"start":{"line":164,"column":8},"end":{"line":164,"column":50},"skip":true},"55":{"start":{"line":166,"column":8},"end":{"line":256,"column":2},"skip":true},"56":{"start":{"line":258,"column":8},"end":{"line":286,"column":9},"skip":true},"57":{"start":{"line":259,"column":12},"end":{"line":269,"column":14},"skip":true},"58":{"start":{"line":271,"column":12},"end":{"line":285,"column":19},"skip":true},"59":{"start":{"line":274,"column":20},"end":{"line":274,"column":35},"skip":true},"60":{"start":{"line":275,"column":20},"end":{"line":284,"column":21},"skip":true},"61":{"start":{"line":277,"column":24},"end":{"line":277,"column":64},"skip":true},"62":{"start":{"line":279,"column":24},"end":{"line":279,"column":40},"skip":true},"63":{"start":{"line":281,"column":24},"end":{"line":281,"column":40},"skip":true},"64":{"start":{"line":283,"column":24},"end":{"line":283,"column":39},"skip":true},"65":{"start":{"line":288,"column":8},"end":{"line":290,"column":9},"skip":true},"66":{"start":{"line":289,"column":12},"end":{"line":289,"column":18},"skip":true},"67":{"start":{"line":291,"column":8},"end":{"line":293,"column":54},"skip":true},"68":{"start":{"line":296,"column":8},"end":{"line":301,"column":37},"skip":true},"69":{"start":{"line":303,"column":8},"end":{"line":303,"column":82},"skip":true},"70":{"start":{"line":306,"column":8},"end":{"line":308,"column":9},"skip":true},"71":{"start":{"line":307,"column":12},"end":{"line":307,"column":82},"skip":true},"72":{"start":{"line":310,"column":8},"end":{"line":312,"column":9},"skip":true},"73":{"start":{"line":311,"column":12},"end":{"line":311,"column":18},"skip":true},"74":{"start":{"line":313,"column":8},"end":{"line":313,"column":54},"skip":true},"75":{"start":{"line":314,"column":8},"end":{"line":314,"column":69},"skip":true},"76":{"start":{"line":315,"column":8},"end":{"line":323,"column":36},"skip":true},"77":{"start":{"line":316,"column":12},"end":{"line":316,"column":61},"skip":true},"78":{"start":{"line":317,"column":12},"end":{"line":320,"column":13},"skip":true},"79":{"start":{"line":318,"column":16},"end":{"line":318,"column":75},"skip":true},"80":{"start":{"line":319,"column":16},"end":{"line":319,"column":23},"skip":true},"81":{"start":{"line":321,"column":12},"end":{"line":321,"column":38},"skip":true},"82":{"start":{"line":322,"column":12},"end":{"line":322,"column":27},"skip":true},"83":{"start":{"line":324,"column":8},"end":{"line":324,"column":14},"skip":true}},"branchMap":{"1":{"line":39,"type":"binary-expr","locations":[{"start":{"line":39,"column":23},"end":{"line":39,"column":62}},{"start":{"line":40,"column":20},"end":{"line":40,"column":70}},{"start":{"line":41,"column":20},"end":{"line":41,"column":71}},{"start":{"line":42,"column":20},"end":{"line":42,"column":29}}]},"2":{"line":44,"type":"binary-expr","locations":[{"start":{"line":44,"column":23},"end":{"line":44,"column":37}},{"start":{"line":45,"column":20},"end":{"line":45,"column":61}},{"start":{"line":46,"column":20},"end":{"line":46,"column":70}},{"start":{"line":47,"column":20},"end":{"line":47,"column":26}}]},"3":{"line":51,"type":"cond-expr","locations":[{"start":{"line":52,"column":14},"end":{"line":52,"column":20}},{"start":{"line":53,"column":14},"end":{"line":53,"column":20}}]},"4":{"line":55,"type":"binary-expr","locations":[{"start":{"line":55,"column":16},"end":{"line":55,"column":44}},{"start":{"line":55,"column":49},"end":{"line":57,"column":43}}]},"5":{"line":55,"type":"cond-expr","locations":[{"start":{"line":56,"column":14},"end":{"line":56,"column":68}},{"start":{"line":57,"column":14},"end":{"line":57,"column":43}}]},"6":{"line":61,"type":"switch","locations":[{"start":{"line":68,"column":4},"end":{"line":150,"column":14},"skip":true},{"start":{"line":156,"column":4},"end":{"line":324,"column":14},"skip":true}]},"7":{"line":70,"type":"if","locations":[{"start":{"line":70,"column":12},"end":{"line":70,"column":12},"skip":true},{"start":{"line":70,"column":12},"end":{"line":70,"column":12},"skip":true}]},"8":{"line":70,"type":"binary-expr","locations":[{"start":{"line":70,"column":16},"end":{"line":70,"column":22},"skip":true},{"start":{"line":70,"column":27},"end":{"line":70,"column":32},"skip":true},{"start":{"line":71,"column":20},"end":{"line":71,"column":39},"skip":true},{"start":{"line":72,"column":20},"end":{"line":72,"column":49},"skip":true},{"start":{"line":73,"column":20},"end":{"line":73,"column":58},"skip":true},{"start":{"line":74,"column":20},"end":{"line":74,"column":69},"skip":true}]},"9":{"line":79,"type":"switch","locations":[{"start":{"line":80,"column":20},"end":{"line":80,"column":33},"skip":true},{"start":{"line":81,"column":20},"end":{"line":83,"column":30},"skip":true},{"start":{"line":84,"column":20},"end":{"line":85,"column":49},"skip":true}]},"10":{"line":89,"type":"switch","locations":[{"start":{"line":90,"column":12},"end":{"line":103,"column":22},"skip":true},{"start":{"line":105,"column":12},"end":{"line":106,"column":22},"skip":true}]},"11":{"line":89,"type":"binary-expr","locations":[{"start":{"line":89,"column":20},"end":{"line":89,"column":25},"skip":true},{"start":{"line":89,"column":29},"end":{"line":89,"column":48},"skip":true},{"start":{"line":89,"column":52},"end":{"line":89,"column":74},"skip":true}]},"12":{"line":92,"type":"if","locations":[{"start":{"line":92,"column":16},"end":{"line":92,"column":16},"skip":true},{"start":{"line":92,"column":16},"end":{"line":92,"column":16},"skip":true}]},"13":{"line":108,"type":"if","locations":[{"start":{"line":108,"column":12},"end":{"line":108,"column":12},"skip":true},{"start":{"line":108,"column":12},"end":{"line":108,"column":12},"skip":true}]},"14":{"line":108,"type":"binary-expr","locations":[{"start":{"line":108,"column":16},"end":{"line":108,"column":61},"skip":true},{"start":{"line":108,"column":66},"end":{"line":108,"column":72},"skip":true},{"start":{"line":108,"column":77},"end":{"line":108,"column":82},"skip":true},{"start":{"line":109,"column":20},"end":{"line":109,"column":39},"skip":true},{"start":{"line":110,"column":20},"end":{"line":110,"column":49},"skip":true},{"start":{"line":111,"column":20},"end":{"line":111,"column":58},"skip":true},{"start":{"line":112,"column":20},"end":{"line":112,"column":68},"skip":true}]},"15":{"line":129,"type":"if","locations":[{"start":{"line":129,"column":16},"end":{"line":129,"column":16},"skip":true},{"start":{"line":129,"column":16},"end":{"line":129,"column":16},"skip":true}]},"16":{"line":134,"type":"cond-expr","locations":[{"start":{"line":135,"column":26},"end":{"line":135,"column":29},"skip":true},{"start":{"line":136,"column":26},"end":{"line":136,"column":54},"skip":true}]},"17":{"line":164,"type":"binary-expr","locations":[{"start":{"line":164,"column":27},"end":{"line":164,"column":43},"skip":true},{"start":{"line":164,"column":47},"end":{"line":164,"column":49},"skip":true}]},"18":{"line":258,"type":"if","locations":[{"start":{"line":258,"column":8},"end":{"line":258,"column":8},"skip":true},{"start":{"line":258,"column":8},"end":{"line":258,"column":8},"skip":true}]},"19":{"line":275,"type":"switch","locations":[{"start":{"line":276,"column":20},"end":{"line":277,"column":64},"skip":true},{"start":{"line":278,"column":20},"end":{"line":279,"column":40},"skip":true},{"start":{"line":280,"column":20},"end":{"line":281,"column":40},"skip":true},{"start":{"line":282,"column":20},"end":{"line":283,"column":39},"skip":true}]},"20":{"line":288,"type":"if","locations":[{"start":{"line":288,"column":8},"end":{"line":288,"column":8},"skip":true},{"start":{"line":288,"column":8},"end":{"line":288,"column":8},"skip":true}]},"21":{"line":288,"type":"binary-expr","locations":[{"start":{"line":288,"column":12},"end":{"line":288,"column":40},"skip":true},{"start":{"line":288,"column":44},"end":{"line":288,"column":67},"skip":true}]},"22":{"line":292,"type":"binary-expr","locations":[{"start":{"line":292,"column":12},"end":{"line":292,"column":50},"skip":true},{"start":{"line":293,"column":12},"end":{"line":293,"column":53},"skip":true}]},"23":{"line":297,"type":"binary-expr","locations":[{"start":{"line":297,"column":12},"end":{"line":297,"column":82},"skip":true},{"start":{"line":298,"column":12},"end":{"line":301,"column":36},"skip":true}]},"24":{"line":303,"type":"binary-expr","locations":[{"start":{"line":303,"column":43},"end":{"line":303,"column":75},"skip":true},{"start":{"line":303,"column":79},"end":{"line":303,"column":81},"skip":true}]},"25":{"line":306,"type":"if","locations":[{"start":{"line":306,"column":8},"end":{"line":306,"column":8},"skip":true},{"start":{"line":306,"column":8},"end":{"line":306,"column":8},"skip":true}]},"26":{"line":310,"type":"if","locations":[{"start":{"line":310,"column":8},"end":{"line":310,"column":8},"skip":true},{"start":{"line":310,"column":8},"end":{"line":310,"column":8},"skip":true}]},"27":{"line":313,"type":"binary-expr","locations":[{"start":{"line":313,"column":27},"end":{"line":313,"column":43},"skip":true},{"start":{"line":313,"column":47},"end":{"line":313,"column":53},"skip":true}]},"28":{"line":317,"type":"if","locations":[{"start":{"line":317,"column":12},"end":{"line":317,"column":12},"skip":true},{"start":{"line":317,"column":12},"end":{"line":317,"column":12},"skip":true}]}},"code":["/*","example.js","","quickstart example","","instruction","    1. save this script as example.js","    2. run the shell command:","        $ npm install npmtest-pushwoosh-cordova-plugin && PORT=8081 node example.js","    3. play with the browser-demo on http://127.0.0.1:8081","*/","","","","/* istanbul instrument in package npmtest_pushwoosh_cordova_plugin */","/*jslint","    bitwise: true,","    browser: true,","    maxerr: 8,","    maxlen: 96,","    node: true,","    nomen: true,","    regexp: true,","    stupid: true","*/","(function () {","    'use strict';","    var local;","","","","    // run shared js-env code - pre-init","    (function () {","        // init local","        local = {};","        // init modeJs","        local.modeJs = (function () {","            try {","                return typeof navigator.userAgent === 'string' &&","                    typeof document.querySelector('body') === 'object' &&","                    typeof XMLHttpRequest.prototype.open === 'function' &&","                    'browser';","            } catch (errorCaughtBrowser) {","                return module.exports &&","                    typeof process.versions.node === 'string' &&","                    typeof require('http').createServer === 'function' &&","                    'node';","            }","        }());","        // init global","        local.global = local.modeJs === 'browser'","            ? window","            : global;","        // init utility2_rollup","        local = local.global.utility2_rollup || (local.modeJs === 'browser'","            ? local.global.utility2_npmtest_pushwoosh_cordova_plugin","            : global.utility2_moduleExports);","        // export local","        local.global.local = local;","    }());","    switch (local.modeJs) {","","","","    // post-init","    // run browser js-env code - post-init","    /* istanbul ignore next */","    case 'browser':","        local.testRunBrowser = function (event) {","            if (!event || (event &&","                    event.currentTarget &&","                    event.currentTarget.className &&","                    event.currentTarget.className.includes &&","                    event.currentTarget.className.includes('onreset'))) {","                // reset output","                Array.from(","                    document.querySelectorAll('body > .resettable')","                ).forEach(function (element) {","                    switch (element.tagName) {","                    case 'INPUT':","                    case 'TEXTAREA':","                        element.value = '';","                        break;","                    default:","                        element.textContent = '';","                    }","                });","            }","            switch (event && event.currentTarget && event.currentTarget.id) {","            case 'testRunButton1':","                // show tests","                if (document.querySelector('#testReportDiv1').style.display === 'none') {","                    document.querySelector('#testReportDiv1').style.display = 'block';","                    document.querySelector('#testRunButton1').textContent =","                        'hide internal test';","                    local.modeTest = true;","                    local.testRunDefault(local);","                // hide tests","                } else {","                    document.querySelector('#testReportDiv1').style.display = 'none';","                    document.querySelector('#testRunButton1').textContent = 'run internal test';","                }","                break;","            // custom-case","            default:","                break;","            }","            if (document.querySelector('#inputTextareaEval1') && (!event || (event &&","                    event.currentTarget &&","                    event.currentTarget.className &&","                    event.currentTarget.className.includes &&","                    event.currentTarget.className.includes('oneval')))) {","                // try to eval input-code","                try {","                    /*jslint evil: true*/","                    eval(document.querySelector('#inputTextareaEval1').value);","                } catch (errorCaught) {","                    console.error(errorCaught);","                }","            }","        };","        // log stderr and stdout to #outputTextareaStdout1","        ['error', 'log'].forEach(function (key) {","            console[key + '_original'] = console[key];","            console[key] = function () {","                var element;","                console[key + '_original'].apply(console, arguments);","                element = document.querySelector('#outputTextareaStdout1');","                if (!element) {","                    return;","                }","                // append text to #outputTextareaStdout1","                element.value += Array.from(arguments).map(function (arg) {","                    return typeof arg === 'string'","                        ? arg","                        : JSON.stringify(arg, null, 4);","                }).join(' ') + '\\n';","                // scroll textarea to bottom","                element.scrollTop = element.scrollHeight;","            };","        });","        // init event-handling","        ['change', 'click', 'keyup'].forEach(function (event) {","            Array.from(document.querySelectorAll('.on' + event)).forEach(function (element) {","                element.addEventListener(event, local.testRunBrowser);","            });","        });","        // run tests","        local.testRunBrowser();","        break;","","","","    // run node js-env code - post-init","    /* istanbul ignore next */","    case 'node':","        // export local","        module.exports = local;","        // require modules","        local.fs = require('fs');","        local.http = require('http');","        local.url = require('url');","        // init assets","        local.assetsDict = local.assetsDict || {};","        /* jslint-ignore-begin */","        local.assetsDict['/assets.index.template.html'] = '\\","<!doctype html>\\n\\","<html lang=\"en\">\\n\\","<head>\\n\\","<meta charset=\"UTF-8\">\\n\\","<meta name=\"viewport\" content=\"width=device-width, initial-scale=1\">\\n\\","<title>{{env.npm_package_name}} (v{{env.npm_package_version}})</title>\\n\\","<style>\\n\\","/*csslint\\n\\","    box-sizing: false,\\n\\","    universal-selector: false\\n\\","*/\\n\\","* {\\n\\","    box-sizing: border-box;\\n\\","}\\n\\","body {\\n\\","    background: #dde;\\n\\","    font-family: Arial, Helvetica, sans-serif;\\n\\","    margin: 2rem;\\n\\","}\\n\\","body > * {\\n\\","    margin-bottom: 1rem;\\n\\","}\\n\\",".utility2FooterDiv {\\n\\","    margin-top: 20px;\\n\\","    text-align: center;\\n\\","}\\n\\","</style>\\n\\","<style>\\n\\","/*csslint\\n\\","*/\\n\\","textarea {\\n\\","    font-family: monospace;\\n\\","    height: 10rem;\\n\\","    width: 100%;\\n\\","}\\n\\","textarea[readonly] {\\n\\","    background: #ddd;\\n\\","}\\n\\","</style>\\n\\","</head>\\n\\","<body>\\n\\","<!-- utility2-comment\\n\\","<div id=\"ajaxProgressDiv1\" style=\"background: #d00; height: 2px; left: 0; margin: 0; padding: 0; position: fixed; top: 0; transition: background 0.5s, width 1.5s; width: 25%;\"></div>\\n\\","utility2-comment -->\\n\\","<h1>\\n\\","<!-- utility2-comment\\n\\","    <a\\n\\","        {{#if env.npm_package_homepage}}\\n\\","        href=\"{{env.npm_package_homepage}}\"\\n\\","        {{/if env.npm_package_homepage}}\\n\\","        target=\"_blank\"\\n\\","    >\\n\\","utility2-comment -->\\n\\","        {{env.npm_package_name}} (v{{env.npm_package_version}})\\n\\","<!-- utility2-comment\\n\\","    </a>\\n\\","utility2-comment -->\\n\\","</h1>\\n\\","<h3>{{env.npm_package_description}}</h3>\\n\\","<!-- utility2-comment\\n\\","<h4><a download href=\"assets.app.js\">download standalone app</a></h4>\\n\\","<button class=\"onclick onreset\" id=\"testRunButton1\">run internal test</button><br>\\n\\","<div id=\"testReportDiv1\" style=\"display: none;\"></div>\\n\\","utility2-comment -->\\n\\","\\n\\","\\n\\","\\n\\","<label>stderr and stdout</label>\\n\\","<textarea class=\"resettable\" id=\"outputTextareaStdout1\" readonly></textarea>\\n\\","<!-- utility2-comment\\n\\","{{#if isRollup}}\\n\\","<script src=\"assets.app.js\"></script>\\n\\","{{#unless isRollup}}\\n\\","utility2-comment -->\\n\\","<script src=\"assets.utility2.rollup.js\"></script>\\n\\","<script src=\"jsonp.utility2._stateInit?callback=window.utility2._stateInit\"></script>\\n\\","<script src=\"assets.npmtest_pushwoosh_cordova_plugin.rollup.js\"></script>\\n\\","<script src=\"assets.example.js\"></script>\\n\\","<script src=\"assets.test.js\"></script>\\n\\","<!-- utility2-comment\\n\\","{{/if isRollup}}\\n\\","utility2-comment -->\\n\\","<div class=\"utility2FooterDiv\">\\n\\","    [ this app was created with\\n\\","    <a href=\"https://github.com/kaizhu256/node-utility2\" target=\"_blank\">utility2</a>\\n\\","    ]\\n\\","</div>\\n\\","</body>\\n\\","</html>\\n\\","';","        /* jslint-ignore-end */","        if (local.templateRender) {","            local.assetsDict['/'] = local.templateRender(","                local.assetsDict['/assets.index.template.html'],","                {","                    env: local.objectSetDefault(local.env, {","                        npm_package_description: 'the greatest app in the world!',","                        npm_package_name: 'my-app',","                        npm_package_nameAlias: 'my_app',","                        npm_package_version: '0.0.1'","                    })","                }","            );","        } else {","            local.assetsDict['/'] = local.assetsDict['/assets.index.template.html']","                .replace((/\\{\\{env\\.(\\w+?)\\}\\}/g), function (match0, match1) {","                    // jslint-hack","                    String(match0);","                    switch (match1) {","                    case 'npm_package_description':","                        return 'the greatest app in the world!';","                    case 'npm_package_name':","                        return 'my-app';","                    case 'npm_package_nameAlias':","                        return 'my_app';","                    case 'npm_package_version':","                        return '0.0.1';","                    }","                });","        }","        // run the cli","        if (local.global.utility2_rollup || module !== require.main) {","            break;","        }","        local.assetsDict['/assets.example.js'] =","            local.assetsDict['/assets.example.js'] ||","            local.fs.readFileSync(__filename, 'utf8');","        // bug-workaround - long $npm_package_buildCustomOrg","        /* jslint-ignore-begin */","        local.assetsDict['/assets.npmtest_pushwoosh_cordova_plugin.rollup.js'] =","            local.assetsDict['/assets.npmtest_pushwoosh_cordova_plugin.rollup.js'] ||","            local.fs.readFileSync(","                local.npmtest_pushwoosh_cordova_plugin.__dirname + '/lib.npmtest_pushwoosh_cordova_plugin.js',","                'utf8'","            ).replace((/^#!/), '//');","        /* jslint-ignore-end */","        local.assetsDict['/favicon.ico'] = local.assetsDict['/favicon.ico'] || '';","        // if $npm_config_timeout_exit exists,","        // then exit this process after $npm_config_timeout_exit ms","        if (Number(process.env.npm_config_timeout_exit)) {","            setTimeout(process.exit, Number(process.env.npm_config_timeout_exit));","        }","        // start server","        if (local.global.utility2_serverHttp1) {","            break;","        }","        process.env.PORT = process.env.PORT || '8081';","        console.error('server starting on port ' + process.env.PORT);","        local.http.createServer(function (request, response) {","            request.urlParsed = local.url.parse(request.url);","            if (local.assetsDict[request.urlParsed.pathname] !== undefined) {","                response.end(local.assetsDict[request.urlParsed.pathname]);","                return;","            }","            response.statusCode = 404;","            response.end();","        }).listen(process.env.PORT);","        break;","    }","}());",""],"l":{"26":2,"28":2,"33":2,"35":2,"37":2,"38":2,"39":2,"44":1,"51":2,"55":2,"59":2,"61":2,"69":1,"70":2,"76":2,"79":2,"82":2,"83":2,"85":1,"89":2,"92":1,"93":1,"94":1,"96":1,"97":1,"100":1,"101":1,"103":1,"106":1,"108":2,"114":1,"116":1,"118":1,"123":1,"124":2,"125":2,"126":3,"127":3,"128":3,"129":3,"130":1,"133":3,"134":3,"139":3,"143":1,"144":3,"145":1,"149":1,"150":1,"158":1,"160":1,"161":1,"162":1,"164":1,"166":1,"258":1,"259":1,"271":1,"274":6,"275":6,"277":1,"279":2,"281":1,"283":2,"288":1,"289":1,"291":1,"296":1,"303":1,"306":1,"307":1,"310":1,"311":1,"313":1,"314":1,"315":1,"316":1,"317":1,"318":1,"319":1,"321":1,"322":1,"324":1}},"/home/travis/build/npmtest/node-npmtest-pushwoosh-cordova-plugin/node_modules/pushwoosh-cordova-plugin/spec/jasmine.js":{"path":"/home/travis/build/npmtest/node-npmtest-pushwoosh-cordova-plugin/node_modules/pushwoosh-cordova-plugin/spec/jasmine.js","s":{"1":1,"2":1,"3":1,"4":1,"5":1,"6":0,"7":1,"8":1,"9":1,"10":1,"11":1,"12":1,"13":12,"14":12,"15":1,"16":4,"17":4,"18":4,"19":0,"20":0,"21":1,"22":1,"23":1,"24":1,"25":1,"26":0,"27":0,"28":0,"29":1,"30":0,"31":0,"32":0,"33":0,"34":0,"35":0,"36":0,"37":0,"38":1,"39":0,"40":0,"41":0,"42":0,"43":0,"44":0,"45":0,"46":0,"47":1,"48":0,"49":1,"50":0,"51":1,"52":0,"53":0,"54":1,"55":0,"56":1,"57":0,"58":1,"59":0,"60":1,"61":0,"62":1,"63":0,"64":0,"65":0,"66":1,"67":0,"68":1,"69":0,"70":1,"71":0,"72":1,"73":0,"74":0,"75":0,"76":0,"77":0,"78":0,"79":1,"80":0,"81":0,"82":1,"83":0,"84":0,"85":0,"86":1,"87":0,"88":0,"89":0,"90":1,"91":0,"92":0,"93":1,"94":0,"95":0,"96":0,"97":0,"98":0,"99":1,"100":0,"101":0,"102":0,"103":0,"104":0,"105":0,"106":0,"107":0,"108":0,"109":0,"110":0,"111":0,"112":0,"113":0,"114":1,"115":0,"116":1,"117":0,"118":0,"119":0,"120":0,"121":0,"122":0,"123":1,"124":0,"125":0,"126":1,"127":0,"128":1,"129":1,"130":1,"131":0,"132":1,"133":1,"134":1,"135":0,"136":1,"137":1,"138":1,"139":0,"140":1,"141":1,"142":1,"143":0,"144":1,"145":1,"146":1,"147":0,"148":1,"149":1,"150":1,"151":0,"152":1,"153":1,"154":1,"155":0,"156":1,"157":1,"158":1,"159":0,"160":1,"161":1,"162":1,"163":0,"164":1,"165":1,"166":1,"167":0,"168":1,"169":1,"170":1,"171":1,"172":0,"173":0,"174":0,"175":0,"176":0,"177":0,"178":0,"179":0,"180":0,"181":0,"182":0,"183":1,"184":1,"185":4,"186":4,"187":4,"188":1,"189":0,"190":0,"191":0,"192":0,"193":0,"194":0,"195":0,"196":0,"197":0,"198":0,"199":0,"200":0,"201":0,"202":0,"203":1,"204":0,"205":0,"206":0,"207":1,"208":0,"209":0,"210":0,"211":0,"212":1,"213":0,"214":0,"215":0,"216":1,"217":0,"218":0,"219":0,"220":0,"221":0,"222":0,"223":0,"224":0,"225":0,"226":0,"227":0,"228":0,"229":0,"230":0,"231":0,"232":0,"233":1,"234":1,"235":1,"236":1,"237":1,"238":0,"239":0,"240":0,"241":1,"242":0,"243":0,"244":0,"245":0,"246":0,"247":0,"248":0,"249":0,"250":1,"251":0,"252":1,"253":0,"254":1,"255":0,"256":1,"257":0,"258":1,"259":0,"260":0,"261":0,"262":0,"263":0,"264":0,"265":0,"266":0,"267":0,"268":0,"269":0,"270":0,"271":0,"272":0,"273":0,"274":1,"275":0,"276":0,"277":0,"278":1,"279":0,"280":1,"281":0,"282":0,"283":0,"284":1,"285":0,"286":1,"287":0,"288":0,"289":0,"290":0,"291":0,"292":0,"293":1,"294":0,"295":1,"296":0,"297":0,"298":0,"299":0,"300":0,"301":0,"302":0,"303":0,"304":0,"305":0,"306":0,"307":0,"308":0,"309":0,"310":0,"311":0,"312":0,"313":0,"314":0,"315":0,"316":0,"317":0,"318":1,"319":0,"320":0,"321":0,"322":0,"323":0,"324":0,"325":0,"326":0,"327":0,"328":0,"329":0,"330":0,"331":0,"332":0,"333":0,"334":0,"335":0,"336":0,"337":0,"338":0,"339":0,"340":0,"341":0,"342":0,"343":0,"344":0,"345":0,"346":0,"347":0,"348":0,"349":1,"350":0,"351":0,"352":0,"353":0,"354":0,"355":0,"356":1,"357":0,"358":1,"359":1,"360":1,"361":1,"362":1,"363":1,"364":1,"365":1,"366":0,"367":0,"368":0,"369":1,"370":0,"371":0,"372":0,"373":0,"374":1,"375":0,"376":0,"377":0,"378":0,"379":1,"380":0,"381":0,"382":0,"383":0,"384":0,"385":1,"386":0,"387":1,"388":0,"389":0,"390":0,"391":0,"392":0,"393":0,"394":0,"395":1,"396":0,"397":1,"398":0,"399":1,"400":0,"401":1,"402":1,"403":0,"404":1,"405":1,"406":0,"407":0,"408":0,"409":0,"410":0,"411":1,"412":0,"413":0,"414":0,"415":0,"416":0,"417":0,"418":1,"419":0,"420":0,"421":0,"422":0,"423":0,"424":1,"425":0,"426":1,"427":0,"428":1,"429":0,"430":0,"431":0,"432":0,"433":0,"434":1,"435":0,"436":0,"437":0,"438":0,"439":0,"440":0,"441":0,"442":0,"443":0,"444":0,"445":0,"446":0,"447":0,"448":0,"449":0,"450":0,"451":0,"452":0,"453":0,"454":0,"455":0,"456":0,"457":0,"458":0,"459":0,"460":1,"461":0,"462":1,"463":0,"464":1,"465":0,"466":1,"467":0,"468":1,"469":0,"470":1,"471":0,"472":1,"473":0,"474":1,"475":0,"476":1,"477":0,"478":1,"479":0,"480":1,"481":0,"482":1,"483":0,"484":0,"485":0,"486":0,"487":0,"488":0,"489":0,"490":1,"491":1,"492":0,"493":0,"494":0,"495":0,"496":0,"497":0,"498":0,"499":1,"500":0,"501":0,"502":0,"503":0,"504":0,"505":0,"506":0,"507":0,"508":1,"509":1,"510":0,"511":0,"512":0,"513":0,"514":0,"515":0,"516":1,"517":0,"518":1,"519":0,"520":1,"521":0,"522":1,"523":0,"524":1,"525":0,"526":0,"527":0,"528":0,"529":0,"530":0,"531":1,"532":0,"533":0,"534":0,"535":0,"536":0,"537":0,"538":0,"539":0,"540":0,"541":0,"542":0,"543":0,"544":0,"545":0,"546":0,"547":1,"548":0,"549":1,"550":0,"551":0,"552":0,"553":0,"554":0,"555":0,"556":0,"557":0,"558":0,"559":1,"560":0,"561":1,"562":0,"563":1,"564":0,"565":0,"566":0,"567":0,"568":0,"569":0,"570":0,"571":0,"572":0,"573":0,"574":0,"575":1,"576":0,"577":1,"578":1,"579":1,"580":1,"581":0,"582":0,"583":0,"584":1,"585":0,"586":0,"587":0,"588":1,"589":0,"590":1,"591":0,"592":1,"593":1,"594":1,"595":1,"596":1,"597":0,"598":0,"599":0,"600":0,"601":1,"602":0,"603":0,"604":0,"605":0,"606":0,"607":0,"608":0,"609":0,"610":0,"611":0,"612":0,"613":0,"614":0,"615":0,"616":0,"617":0,"618":0,"619":0,"620":1,"621":0,"622":1,"623":0,"624":0,"625":0,"626":0,"627":0,"628":0,"629":0,"630":0,"631":0,"632":0,"633":0,"634":0,"635":0,"636":0,"637":0,"638":0,"639":1,"640":1,"641":0,"642":0,"643":0,"644":1,"645":0,"646":0,"647":0,"648":1,"649":34,"650":34,"651":0,"652":1,"653":1,"654":1,"655":0,"656":1,"657":0,"658":1,"659":1,"660":0,"661":1,"662":1,"663":1,"664":6,"665":6,"666":6,"667":0,"668":0,"669":0,"670":0,"671":1,"672":0,"673":0,"674":0,"675":0,"676":0,"677":1,"678":0,"679":0,"680":0,"681":1,"682":0,"683":1,"684":0,"685":1,"686":0,"687":0,"688":0,"689":0,"690":0,"691":0,"692":0,"693":0,"694":1,"695":0,"696":1,"697":0,"698":1,"699":0,"700":0,"701":0,"702":0,"703":0,"704":0,"705":0,"706":0,"707":0,"708":0,"709":0,"710":0,"711":0,"712":0,"713":0,"714":0,"715":0,"716":0,"717":0,"718":0,"719":0,"720":0,"721":0,"722":0,"723":0,"724":0,"725":0,"726":0,"727":0,"728":0,"729":0,"730":0,"731":0,"732":0,"733":1,"734":0,"735":0,"736":0,"737":0,"738":1,"739":1,"740":1,"741":1,"742":1,"743":0,"744":0,"745":1,"746":1,"747":0,"748":1,"749":0,"750":1,"751":0,"752":0,"753":0,"754":0,"755":0,"756":0,"757":1,"758":0,"759":0,"760":0,"761":0,"762":0,"763":0,"764":0,"765":0,"766":0,"767":0,"768":0,"769":0,"770":0,"771":1,"772":0,"773":1,"774":0,"775":0,"776":0,"777":0,"778":0,"779":0,"780":1,"781":0,"782":1,"783":0,"784":1,"785":0,"786":0,"787":1,"788":0,"789":0,"790":0,"791":1,"792":0,"793":1,"794":1,"795":0,"796":0,"797":0,"798":0,"799":0,"800":0,"801":0,"802":0,"803":0,"804":0,"805":0,"806":0,"807":0,"808":0,"809":0,"810":0,"811":0,"812":0,"813":0,"814":0,"815":0,"816":0,"817":0,"818":0,"819":0,"820":0,"821":0,"822":0,"823":0,"824":0,"825":1,"826":0,"827":0,"828":0,"829":0,"830":0,"831":1,"832":0,"833":0,"834":0,"835":0,"836":0,"837":0,"838":1,"839":0,"840":0,"841":0,"842":0,"843":0,"844":1,"845":0,"846":0,"847":1,"848":0,"849":0,"850":1,"851":0,"852":1,"853":0,"854":1,"855":0,"856":0,"857":0,"858":1,"859":0,"860":0,"861":0,"862":0,"863":0,"864":1,"865":0,"866":1,"867":0,"868":0,"869":0,"870":0,"871":0,"872":1,"873":0,"874":1,"875":0,"876":0,"877":0,"878":0,"879":0,"880":0,"881":0,"882":0,"883":0,"884":0,"885":0,"886":0,"887":0,"888":0,"889":0,"890":1,"891":0,"892":1,"893":0,"894":1,"895":0,"896":1,"897":0,"898":0,"899":0,"900":1,"901":0,"902":0,"903":0,"904":1,"905":0,"906":1,"907":0,"908":0,"909":0,"910":1,"911":0,"912":0,"913":0,"914":1,"915":0,"916":0,"917":0,"918":0,"919":0,"920":0,"921":0,"922":0,"923":0,"924":0,"925":0,"926":0,"927":0,"928":0,"929":0,"930":1,"931":0,"932":0,"933":1,"934":0,"935":1,"936":0,"937":0,"938":0,"939":0,"940":0,"941":0,"942":1,"943":0,"944":1,"945":0,"946":0,"947":0,"948":0,"949":1,"950":0,"951":0,"952":0,"953":1,"954":0,"955":0,"956":0,"957":0,"958":0,"959":0,"960":0,"961":0,"962":0,"963":0,"964":1,"965":0,"966":0,"967":0,"968":0,"969":0,"970":0,"971":0,"972":0,"973":0,"974":0,"975":0,"976":0,"977":0,"978":0,"979":1,"980":0,"981":1,"982":0,"983":0,"984":0,"985":0,"986":0,"987":0,"988":0,"989":0,"990":0,"991":0,"992":0,"993":0,"994":0,"995":1,"996":0,"997":0,"998":0,"999":0,"1000":1,"1001":0,"1002":0,"1003":0,"1004":0,"1005":0,"1006":0,"1007":0,"1008":0,"1009":0,"1010":0,"1011":0,"1012":1,"1013":0,"1014":0,"1015":0,"1016":0,"1017":1,"1018":0,"1019":0,"1020":0,"1021":0,"1022":1,"1023":0,"1024":0,"1025":1,"1026":0,"1027":0,"1028":1,"1029":0,"1030":1,"1031":0,"1032":0,"1033":0,"1034":0,"1035":0,"1036":0,"1037":1,"1038":0,"1039":1,"1040":0,"1041":1,"1042":0,"1043":1,"1044":0,"1045":0,"1046":0,"1047":1,"1048":0,"1049":0,"1050":1,"1051":1,"1052":0,"1053":0,"1054":0,"1055":0,"1056":1,"1057":0,"1058":0,"1059":0,"1060":0,"1061":0,"1062":1,"1063":1,"1064":1,"1065":0,"1066":0,"1067":0,"1068":0,"1069":0,"1070":0,"1071":0,"1072":0,"1073":0,"1074":0,"1075":0,"1076":0,"1077":0,"1078":0,"1079":0,"1080":0,"1081":0,"1082":0,"1083":0,"1084":1},"b":{"1":[1,0],"2":[4,0],"3":[0,0],"4":[0,0],"5":[0,0],"6":[0,0],"7":[0,0],"8":[0,0],"9":[0,0],"10":[0,0],"11":[0,0],"12":[0,0],"13":[1,0],"14":[1,0],"15":[1,0],"16":[1,0],"17":[1,0],"18":[1,0],"19":[1,0],"20":[1,0],"21":[1,0],"22":[1,0],"23":[1,0],"24":[1,0],"25":[0,0,0,0],"26":[0,0],"27":[0,0],"28":[0,0],"29":[0,0],"30":[0,0],"31":[0,0],"32":[0,0],"33":[0,0],"34":[0,0],"35":[0,0],"36":[0,0],"37":[0,0],"38":[0,0],"39":[0,0],"40":[0,0],"41":[0,0],"42":[0,0],"43":[0,0],"44":[0,0],"45":[0,0],"46":[0,0],"47":[0,0],"48":[0,0],"49":[0,0],"50":[0,0],"51":[0,0],"52":[0,0],"53":[0,0],"54":[0,0],"55":[0,0],"56":[0,0,0],"57":[0,0],"58":[0,0],"59":[0,0],"60":[0,0],"61":[0,0],"62":[0,0],"63":[0,0,0,0],"64":[0,0],"65":[0,0],"66":[0,0],"67":[0,0],"68":[0,0],"69":[0,0],"70":[0,0],"71":[0,0],"72":[0,0],"73":[0,0],"74":[0,0],"75":[0,0],"76":[0,0],"77":[0,0],"78":[0,0],"79":[0,0],"80":[0,0],"81":[0,0],"82":[0,0],"83":[0,0],"84":[0,0],"85":[0,0],"86":[0,0],"87":[0,0],"88":[0,0],"89":[0,0],"90":[0,0],"91":[0,0],"92":[0,0],"93":[0,0],"94":[0,0],"95":[0,0],"96":[0,0],"97":[0,0],"98":[0,0],"99":[0,0],"100":[0,0],"101":[0,0],"102":[0,0],"103":[0,0],"104":[0,0],"105":[0,0],"106":[0,0],"107":[0,0],"108":[0,0],"109":[0,0],"110":[0,0],"111":[0,0],"112":[0,0],"113":[0,0],"114":[0,0],"115":[0,0],"116":[0,0,0],"117":[0,0],"118":[0,0],"119":[0,0],"120":[0,0],"121":[0,0],"122":[0,0],"123":[0,0],"124":[0,0],"125":[0,0],"126":[0,0],"127":[0,0],"128":[0,0],"129":[0,0],"130":[0,0],"131":[0,0],"132":[0,0],"133":[0,0],"134":[0,0],"135":[0,0],"136":[0,0],"137":[0,0],"138":[0,0],"139":[0,0,0],"140":[0,0],"141":[0,0],"142":[0,0],"143":[0,0],"144":[0,0],"145":[0,0],"146":[34,0],"147":[1,0],"148":[0,0],"149":[0,0],"150":[0,0],"151":[0,0],"152":[0,0],"153":[0,0],"154":[0,0],"155":[0,0],"156":[0,0],"157":[0,0],"158":[0,0],"159":[0,0],"160":[0,0],"161":[0,0],"162":[0,0],"163":[0,0],"164":[0,0],"165":[0,0],"166":[0,0],"167":[0,0],"168":[0,0],"169":[0,0],"170":[0,0],"171":[0,0],"172":[0,0],"173":[0,0],"174":[0,0],"175":[0,0],"176":[0,0],"177":[0,0],"178":[0,0],"179":[0,0],"180":[0,0],"181":[0,0],"182":[0,0],"183":[0,0],"184":[0,0],"185":[0,0],"186":[0,0],"187":[0,0],"188":[0,0],"189":[0,0],"190":[0,0],"191":[0,0],"192":[0,0],"193":[0,0,0],"194":[0,0],"195":[0,0],"196":[0,0],"197":[0,0],"198":[0,0],"199":[0,0],"200":[0,0],"201":[0,0],"202":[0,0],"203":[0,0,0],"204":[0,0],"205":[0,0],"206":[0,0],"207":[0,0],"208":[0,0],"209":[0,0],"210":[0,0],"211":[0,0],"212":[0,0],"213":[0,0]},"f":{"1":0,"2":12,"3":12,"4":4,"5":0,"6":0,"7":0,"8":0,"9":0,"10":0,"11":0,"12":0,"13":0,"14":0,"15":0,"16":0,"17":0,"18":0,"19":0,"20":0,"21":0,"22":0,"23":0,"24":0,"25":0,"26":0,"27":0,"28":0,"29":0,"30":0,"31":0,"32":0,"33":0,"34":0,"35":0,"36":0,"37":0,"38":0,"39":0,"40":0,"41":0,"42":0,"43":0,"44":0,"45":0,"46":0,"47":0,"48":0,"49":0,"50":0,"51":4,"52":4,"53":0,"54":0,"55":0,"56":0,"57":0,"58":0,"59":0,"60":0,"61":0,"62":0,"63":0,"64":0,"65":0,"66":0,"67":0,"68":0,"69":0,"70":0,"71":0,"72":0,"73":0,"74":0,"75":0,"76":0,"77":0,"78":0,"79":0,"80":0,"81":0,"82":0,"83":0,"84":0,"85":0,"86":0,"87":0,"88":0,"89":0,"90":0,"91":0,"92":0,"93":0,"94":0,"95":0,"96":0,"97":0,"98":0,"99":0,"100":0,"101":0,"102":0,"103":0,"104":0,"105":0,"106":0,"107":0,"108":0,"109":0,"110":0,"111":0,"112":0,"113":0,"114":0,"115":0,"116":0,"117":0,"118":0,"119":0,"120":0,"121":0,"122":0,"123":0,"124":0,"125":0,"126":0,"127":0,"128":0,"129":0,"130":0,"131":0,"132":0,"133":0,"134":0,"135":0,"136":0,"137":0,"138":0,"139":0,"140":0,"141":0,"142":1,"143":0,"144":0,"145":0,"146":0,"147":1,"148":0,"149":0,"150":0,"151":0,"152":0,"153":0,"154":0,"155":0,"156":0,"157":0,"158":0,"159":0,"160":0,"161":0,"162":0,"163":34,"164":1,"165":0,"166":0,"167":1,"168":6,"169":0,"170":0,"171":0,"172":0,"173":0,"174":0,"175":0,"176":0,"177":0,"178":0,"179":0,"180":0,"181":0,"182":0,"183":0,"184":0,"185":0,"186":0,"187":0,"188":0,"189":0,"190":0,"191":0,"192":0,"193":0,"194":0,"195":0,"196":0,"197":0,"198":0,"199":0,"200":0,"201":0,"202":0,"203":0,"204":0,"205":0,"206":0,"207":0,"208":0,"209":0,"210":0,"211":0,"212":0,"213":0,"214":0,"215":0,"216":0,"217":0,"218":0,"219":0,"220":0,"221":0,"222":0,"223":0,"224":0,"225":0,"226":0,"227":0,"228":0,"229":0,"230":0,"231":0,"232":0,"233":0,"234":0,"235":0,"236":0,"237":0,"238":0,"239":0,"240":0,"241":0,"242":0,"243":0,"244":0,"245":0,"246":0,"247":0,"248":0},"fnMap":{"1":{"name":"(anonymous_1)","line":13,"loc":{"start":{"line":13,"column":31},"end":{"line":13,"column":42}}},"2":{"name":"(anonymous_2)","line":42,"loc":{"start":{"line":42,"column":20},"end":{"line":42,"column":31}}},"3":{"name":"getGlobal","line":43,"loc":{"start":{"line":43,"column":2},"end":{"line":43,"column":23}}},"4":{"name":"(anonymous_4)","line":58,"loc":{"start":{"line":58,"column":24},"end":{"line":58,"column":45}}},"5":{"name":"(anonymous_5)","line":61,"loc":{"start":{"line":61,"column":11},"end":{"line":61,"column":22}}},"6":{"name":"(anonymous_6)","line":75,"loc":{"start":{"line":75,"column":24},"end":{"line":75,"column":41}}},"7":{"name":"(anonymous_7)","line":81,"loc":{"start":{"line":81,"column":43},"end":{"line":81,"column":54}}},"8":{"name":"(anonymous_8)","line":94,"loc":{"start":{"line":94,"column":28},"end":{"line":94,"column":45}}},"9":{"name":"(anonymous_9)","line":106,"loc":{"start":{"line":106,"column":47},"end":{"line":106,"column":59}}},"10":{"name":"(anonymous_10)","line":110,"loc":{"start":{"line":110,"column":45},"end":{"line":110,"column":57}}},"11":{"name":"(anonymous_11)","line":117,"loc":{"start":{"line":117,"column":17},"end":{"line":117,"column":28}}},"12":{"name":"(anonymous_12)","line":128,"loc":{"start":{"line":128,"column":19},"end":{"line":128,"column":35}}},"13":{"name":"(anonymous_13)","line":138,"loc":{"start":{"line":138,"column":20},"end":{"line":138,"column":36}}},"14":{"name":"(anonymous_14)","line":148,"loc":{"start":{"line":148,"column":20},"end":{"line":148,"column":36}}},"15":{"name":"(anonymous_15)","line":159,"loc":{"start":{"line":159,"column":15},"end":{"line":159,"column":41}}},"16":{"name":"(anonymous_16)","line":169,"loc":{"start":{"line":169,"column":13},"end":{"line":169,"column":29}}},"17":{"name":"(anonymous_17)","line":181,"loc":{"start":{"line":181,"column":20},"end":{"line":181,"column":34}}},"18":{"name":"(anonymous_18)","line":195,"loc":{"start":{"line":195,"column":14},"end":{"line":195,"column":30}}},"19":{"name":"(anonymous_19)","line":210,"loc":{"start":{"line":210,"column":27},"end":{"line":210,"column":45}}},"20":{"name":"(anonymous_20)","line":258,"loc":{"start":{"line":258,"column":14},"end":{"line":258,"column":29}}},"21":{"name":"(anonymous_21)","line":270,"loc":{"start":{"line":270,"column":14},"end":{"line":270,"column":25}}},"22":{"name":"(anonymous_22)","line":306,"loc":{"start":{"line":306,"column":39},"end":{"line":306,"column":50}}},"23":{"name":"(anonymous_23)","line":323,"loc":{"start":{"line":323,"column":34},"end":{"line":323,"column":50}}},"24":{"name":"(anonymous_24)","line":324,"loc":{"start":{"line":324,"column":14},"end":{"line":324,"column":25}}},"25":{"name":"(anonymous_25)","line":342,"loc":{"start":{"line":342,"column":33},"end":{"line":342,"column":56}}},"26":{"name":"(anonymous_26)","line":343,"loc":{"start":{"line":343,"column":14},"end":{"line":343,"column":25}}},"27":{"name":"(anonymous_27)","line":364,"loc":{"start":{"line":364,"column":36},"end":{"line":364,"column":55}}},"28":{"name":"(anonymous_28)","line":383,"loc":{"start":{"line":383,"column":30},"end":{"line":383,"column":41}}},"29":{"name":"(anonymous_29)","line":391,"loc":{"start":{"line":391,"column":20},"end":{"line":391,"column":35}}},"30":{"name":"(anonymous_30)","line":393,"loc":{"start":{"line":393,"column":15},"end":{"line":393,"column":26}}},"31":{"name":"(anonymous_31)","line":421,"loc":{"start":{"line":421,"column":16},"end":{"line":421,"column":38}}},"32":{"name":"(anonymous_32)","line":432,"loc":{"start":{"line":432,"column":23},"end":{"line":432,"column":55}}},"33":{"name":"(anonymous_33)","line":448,"loc":{"start":{"line":448,"column":14},"end":{"line":448,"column":25}}},"34":{"name":"(anonymous_34)","line":468,"loc":{"start":{"line":468,"column":12},"end":{"line":468,"column":38}}},"35":{"name":"(anonymous_35)","line":486,"loc":{"start":{"line":486,"column":9},"end":{"line":486,"column":30}}},"36":{"name":"(anonymous_36)","line":499,"loc":{"start":{"line":499,"column":10},"end":{"line":499,"column":31}}},"37":{"name":"(anonymous_37)","line":512,"loc":{"start":{"line":512,"column":13},"end":{"line":512,"column":30}}},"38":{"name":"(anonymous_38)","line":522,"loc":{"start":{"line":522,"column":11},"end":{"line":522,"column":26}}},"39":{"name":"(anonymous_39)","line":533,"loc":{"start":{"line":533,"column":12},"end":{"line":533,"column":30}}},"40":{"name":"(anonymous_40)","line":545,"loc":{"start":{"line":545,"column":15},"end":{"line":545,"column":82}}},"41":{"name":"(anonymous_41)","line":557,"loc":{"start":{"line":557,"column":17},"end":{"line":557,"column":46}}},"42":{"name":"(anonymous_42)","line":569,"loc":{"start":{"line":569,"column":16},"end":{"line":569,"column":44}}},"43":{"name":"(anonymous_43)","line":589,"loc":{"start":{"line":589,"column":15},"end":{"line":589,"column":54}}},"44":{"name":"(anonymous_44)","line":600,"loc":{"start":{"line":600,"column":16},"end":{"line":600,"column":55}}},"45":{"name":"(anonymous_45)","line":607,"loc":{"start":{"line":607,"column":66},"end":{"line":607,"column":77}}},"46":{"name":"tryIt","line":608,"loc":{"start":{"line":608,"column":2},"end":{"line":608,"column":20}}},"47":{"name":"(anonymous_47)","line":616,"loc":{"start":{"line":616,"column":18},"end":{"line":616,"column":29}}},"48":{"name":"(anonymous_48)","line":619,"loc":{"start":{"line":619,"column":10},"end":{"line":619,"column":21}}},"49":{"name":"(anonymous_49)","line":622,"loc":{"start":{"line":622,"column":10},"end":{"line":622,"column":21}}},"50":{"name":"(anonymous_50)","line":625,"loc":{"start":{"line":625,"column":10},"end":{"line":625,"column":21}}},"51":{"name":"(anonymous_51)","line":645,"loc":{"start":{"line":645,"column":23},"end":{"line":645,"column":57}}},"52":{"name":"(anonymous_52)","line":649,"loc":{"start":{"line":649,"column":17},"end":{"line":649,"column":28}}},"53":{"name":"(anonymous_53)","line":655,"loc":{"start":{"line":655,"column":31},"end":{"line":655,"column":43}}},"54":{"name":"(anonymous_54)","line":682,"loc":{"start":{"line":682,"column":26},"end":{"line":682,"column":40}}},"55":{"name":"(anonymous_55)","line":689,"loc":{"start":{"line":689,"column":27},"end":{"line":689,"column":42}}},"56":{"name":"(anonymous_56)","line":695,"loc":{"start":{"line":695,"column":22},"end":{"line":695,"column":52}}},"57":{"name":"(anonymous_57)","line":705,"loc":{"start":{"line":705,"column":14},"end":{"line":705,"column":25}}},"58":{"name":"(anonymous_58)","line":715,"loc":{"start":{"line":715,"column":20},"end":{"line":715,"column":31}}},"59":{"name":"(anonymous_59)","line":724,"loc":{"start":{"line":724,"column":23},"end":{"line":724,"column":34}}},"60":{"name":"(anonymous_60)","line":741,"loc":{"start":{"line":741,"column":32},"end":{"line":741,"column":44}}},"61":{"name":"(anonymous_61)","line":752,"loc":{"start":{"line":752,"column":38},"end":{"line":752,"column":49}}},"62":{"name":"(anonymous_62)","line":769,"loc":{"start":{"line":769,"column":35},"end":{"line":769,"column":47}}},"63":{"name":"(anonymous_63)","line":776,"loc":{"start":{"line":776,"column":36},"end":{"line":776,"column":48}}},"64":{"name":"(anonymous_64)","line":784,"loc":{"start":{"line":784,"column":36},"end":{"line":784,"column":55}}},"65":{"name":"(anonymous_65)","line":788,"loc":{"start":{"line":788,"column":32},"end":{"line":788,"column":43}}},"66":{"name":"(anonymous_66)","line":792,"loc":{"start":{"line":792,"column":33},"end":{"line":792,"column":72}}},"67":{"name":"(anonymous_67)","line":812,"loc":{"start":{"line":812,"column":51},"end":{"line":812,"column":62}}},"68":{"name":"(anonymous_68)","line":822,"loc":{"start":{"line":822,"column":35},"end":{"line":822,"column":64}}},"69":{"name":"(anonymous_69)","line":830,"loc":{"start":{"line":830,"column":38},"end":{"line":830,"column":50}}},"70":{"name":"(anonymous_70)","line":834,"loc":{"start":{"line":834,"column":34},"end":{"line":834,"column":62}}},"71":{"name":"(anonymous_71)","line":843,"loc":{"start":{"line":843,"column":34},"end":{"line":843,"column":66}}},"72":{"name":"(anonymous_72)","line":845,"loc":{"start":{"line":845,"column":13},"end":{"line":845,"column":24}}},"73":{"name":"(anonymous_73)","line":850,"loc":{"start":{"line":850,"column":27},"end":{"line":850,"column":55}}},"74":{"name":"(anonymous_74)","line":862,"loc":{"start":{"line":862,"column":28},"end":{"line":862,"column":49}}},"75":{"name":"(anonymous_75)","line":865,"loc":{"start":{"line":865,"column":10},"end":{"line":865,"column":21}}},"76":{"name":"(anonymous_76)","line":870,"loc":{"start":{"line":870,"column":40},"end":{"line":870,"column":85}}},"77":{"name":"(anonymous_77)","line":878,"loc":{"start":{"line":878,"column":15},"end":{"line":878,"column":38}}},"78":{"name":"(anonymous_78)","line":908,"loc":{"start":{"line":908,"column":32},"end":{"line":908,"column":77}}},"79":{"name":"(anonymous_79)","line":964,"loc":{"start":{"line":964,"column":34},"end":{"line":964,"column":61}}},"80":{"name":"(anonymous_80)","line":974,"loc":{"start":{"line":974,"column":42},"end":{"line":974,"column":67}}},"81":{"name":"(anonymous_81)","line":981,"loc":{"start":{"line":981,"column":19},"end":{"line":981,"column":30}}},"82":{"name":"(anonymous_82)","line":985,"loc":{"start":{"line":985,"column":50},"end":{"line":985,"column":67}}},"83":{"name":"(anonymous_83)","line":989,"loc":{"start":{"line":989,"column":49},"end":{"line":989,"column":66}}},"84":{"name":"(anonymous_84)","line":993,"loc":{"start":{"line":993,"column":48},"end":{"line":993,"column":64}}},"85":{"name":"(anonymous_85)","line":997,"loc":{"start":{"line":997,"column":48},"end":{"line":997,"column":63}}},"86":{"name":"(anonymous_86)","line":1001,"loc":{"start":{"line":1001,"column":47},"end":{"line":1001,"column":62}}},"87":{"name":"(anonymous_87)","line":1005,"loc":{"start":{"line":1005,"column":33},"end":{"line":1005,"column":47}}},"88":{"name":"(anonymous_88)","line":1016,"loc":{"start":{"line":1016,"column":16},"end":{"line":1016,"column":42}}},"89":{"name":"(anonymous_89)","line":1022,"loc":{"start":{"line":1022,"column":34},"end":{"line":1022,"column":55}}},"90":{"name":"(anonymous_90)","line":1034,"loc":{"start":{"line":1034,"column":24},"end":{"line":1034,"column":35}}},"91":{"name":"(anonymous_91)","line":1041,"loc":{"start":{"line":1041,"column":55},"end":{"line":1041,"column":72}}},"92":{"name":"(anonymous_92)","line":1050,"loc":{"start":{"line":1050,"column":41},"end":{"line":1050,"column":52}}},"93":{"name":"(anonymous_93)","line":1054,"loc":{"start":{"line":1054,"column":45},"end":{"line":1054,"column":67}}},"94":{"name":"(anonymous_94)","line":1072,"loc":{"start":{"line":1072,"column":42},"end":{"line":1072,"column":53}}},"95":{"name":"(anonymous_95)","line":1076,"loc":{"start":{"line":1076,"column":49},"end":{"line":1076,"column":66}}},"96":{"name":"(anonymous_96)","line":1081,"loc":{"start":{"line":1081,"column":54},"end":{"line":1081,"column":71}}},"97":{"name":"(anonymous_97)","line":1086,"loc":{"start":{"line":1086,"column":53},"end":{"line":1086,"column":69}}},"98":{"name":"(anonymous_98)","line":1090,"loc":{"start":{"line":1090,"column":52},"end":{"line":1090,"column":67}}},"99":{"name":"(anonymous_99)","line":1098,"loc":{"start":{"line":1098,"column":38},"end":{"line":1098,"column":52}}},"100":{"name":"(anonymous_100)","line":1101,"loc":{"start":{"line":1101,"column":50},"end":{"line":1101,"column":67}}},"101":{"name":"(anonymous_101)","line":1110,"loc":{"start":{"line":1110,"column":51},"end":{"line":1110,"column":67}}},"102":{"name":"(anonymous_102)","line":1138,"loc":{"start":{"line":1138,"column":19},"end":{"line":1138,"column":58}}},"103":{"name":"(anonymous_103)","line":1147,"loc":{"start":{"line":1147,"column":22},"end":{"line":1147,"column":36}}},"104":{"name":"(anonymous_104)","line":1152,"loc":{"start":{"line":1152,"column":36},"end":{"line":1152,"column":79}}},"105":{"name":"(anonymous_105)","line":1156,"loc":{"start":{"line":1156,"column":29},"end":{"line":1156,"column":64}}},"106":{"name":"(anonymous_106)","line":1164,"loc":{"start":{"line":1164,"column":30},"end":{"line":1164,"column":69}}},"107":{"name":"(anonymous_107)","line":1165,"loc":{"start":{"line":1165,"column":9},"end":{"line":1165,"column":20}}},"108":{"name":"(anonymous_108)","line":1183,"loc":{"start":{"line":1183,"column":62},"end":{"line":1183,"column":74}}},"109":{"name":"(anonymous_109)","line":1213,"loc":{"start":{"line":1213,"column":34},"end":{"line":1213,"column":53}}},"110":{"name":"(anonymous_110)","line":1222,"loc":{"start":{"line":1222,"column":37},"end":{"line":1222,"column":56}}},"111":{"name":"(anonymous_111)","line":1231,"loc":{"start":{"line":1231,"column":37},"end":{"line":1231,"column":56}}},"112":{"name":"(anonymous_112)","line":1240,"loc":{"start":{"line":1240,"column":40},"end":{"line":1240,"column":59}}},"113":{"name":"(anonymous_113)","line":1250,"loc":{"start":{"line":1250,"column":37},"end":{"line":1250,"column":56}}},"114":{"name":"(anonymous_114)","line":1259,"loc":{"start":{"line":1259,"column":40},"end":{"line":1259,"column":59}}},"115":{"name":"(anonymous_115)","line":1266,"loc":{"start":{"line":1266,"column":41},"end":{"line":1266,"column":52}}},"116":{"name":"(anonymous_116)","line":1273,"loc":{"start":{"line":1273,"column":43},"end":{"line":1273,"column":54}}},"117":{"name":"(anonymous_117)","line":1280,"loc":{"start":{"line":1280,"column":38},"end":{"line":1280,"column":49}}},"118":{"name":"(anonymous_118)","line":1287,"loc":{"start":{"line":1287,"column":40},"end":{"line":1287,"column":51}}},"119":{"name":"(anonymous_119)","line":1295,"loc":{"start":{"line":1295,"column":39},"end":{"line":1295,"column":50}}},"120":{"name":"(anonymous_120)","line":1303,"loc":{"start":{"line":1303,"column":46},"end":{"line":1303,"column":57}}},"121":{"name":"(anonymous_121)","line":1312,"loc":{"start":{"line":1312,"column":17},"end":{"line":1312,"column":28}}},"122":{"name":"(anonymous_122)","line":1330,"loc":{"start":{"line":1330,"column":42},"end":{"line":1330,"column":53}}},"123":{"name":"(anonymous_123)","line":1339,"loc":{"start":{"line":1339,"column":17},"end":{"line":1339,"column":28}}},"124":{"name":"(anonymous_124)","line":1355,"loc":{"start":{"line":1355,"column":50},"end":{"line":1355,"column":61}}},"125":{"name":"(anonymous_125)","line":1360,"loc":{"start":{"line":1360,"column":17},"end":{"line":1360,"column":28}}},"126":{"name":"(anonymous_126)","line":1382,"loc":{"start":{"line":1382,"column":46},"end":{"line":1382,"column":57}}},"127":{"name":"(anonymous_127)","line":1388,"loc":{"start":{"line":1388,"column":17},"end":{"line":1388,"column":28}}},"128":{"name":"(anonymous_128)","line":1403,"loc":{"start":{"line":1403,"column":39},"end":{"line":1403,"column":58}}},"129":{"name":"(anonymous_129)","line":1413,"loc":{"start":{"line":1413,"column":42},"end":{"line":1413,"column":61}}},"130":{"name":"(anonymous_130)","line":1417,"loc":{"start":{"line":1417,"column":42},"end":{"line":1417,"column":61}}},"131":{"name":"(anonymous_131)","line":1421,"loc":{"start":{"line":1421,"column":45},"end":{"line":1421,"column":64}}},"132":{"name":"(anonymous_132)","line":1432,"loc":{"start":{"line":1432,"column":41},"end":{"line":1432,"column":71}}},"133":{"name":"(anonymous_133)","line":1447,"loc":{"start":{"line":1447,"column":37},"end":{"line":1447,"column":56}}},"134":{"name":"(anonymous_134)","line":1464,"loc":{"start":{"line":1464,"column":17},"end":{"line":1464,"column":28}}},"135":{"name":"(anonymous_135)","line":1475,"loc":{"start":{"line":1475,"column":23},"end":{"line":1475,"column":47}}},"136":{"name":"(anonymous_136)","line":1479,"loc":{"start":{"line":1479,"column":48},"end":{"line":1479,"column":64}}},"137":{"name":"(anonymous_137)","line":1499,"loc":{"start":{"line":1499,"column":49},"end":{"line":1499,"column":60}}},"138":{"name":"(anonymous_138)","line":1503,"loc":{"start":{"line":1503,"column":36},"end":{"line":1503,"column":54}}},"139":{"name":"(anonymous_139)","line":1507,"loc":{"start":{"line":1507,"column":61},"end":{"line":1507,"column":107}}},"140":{"name":"(anonymous_140)","line":1513,"loc":{"start":{"line":1513,"column":15},"end":{"line":1513,"column":38}}},"141":{"name":"(anonymous_141)","line":1529,"loc":{"start":{"line":1529,"column":62},"end":{"line":1529,"column":74}}},"142":{"name":"(anonymous_142)","line":1535,"loc":{"start":{"line":1535,"column":20},"end":{"line":1535,"colu
[...]
,"12":{"line":114,"type":"cond-expr","locations":[{"start":{"line":114,"column":34},"end":{"line":114,"column":42}},{"start":{"line":114,"column":45},"end":{"line":114,"column":53}}]},"13":{"line":115,"type":"if","locations":[{"start":{"line":115,"column":2},"end":{"line":115,"column":2}},{"start":{"line":115,"column":2},"end":{"line":115,"column":2}}]},"14":{"line":122,"type":"if","locations":[{"start":{"line":122,"column":2},"end":{"line":122,"column":2}},{"start":{"line":122,"column":2},"end":{"line":122,"column":2}}]},"15":{"line":129,"type":"cond-expr","locations":[{"start":{"line":129,"column":34},"end":{"line":129,"column":42}},{"start":{"line":129,"column":45},"end":{"line":129,"column":53}}]},"16":{"line":130,"type":"if","locations":[{"start":{"line":130,"column":2},"end":{"line":130,"column":2}},{"start":{"line":130,"column":2},"end":{"line":130,"column":2}}]},"17":{"line":147,"type":"if","locations":[{"start":{"line":147,"column":4},"end":{"line":147,"column":4}},{"start":{"line":147,"column":4},"end":{"line":147,"column":4}}]},"18":{"line":149,"type":"if","locations":[{"start":{"line":149,"column":11},"end":{"line":149,"column":11}},{"start":{"line":149,"column":11},"end":{"line":149,"column":11}}]},"19":{"line":149,"type":"binary-expr","locations":[{"start":{"line":149,"column":15},"end":{"line":149,"column":38}},{"start":{"line":149,"column":42},"end":{"line":149,"column":55}},{"start":{"line":149,"column":59},"end":{"line":149,"column":75}}]},"20":{"line":152,"type":"if","locations":[{"start":{"line":152,"column":6},"end":{"line":152,"column":6}},{"start":{"line":152,"column":6},"end":{"line":152,"column":6}}]},"21":{"line":158,"type":"if","locations":[{"start":{"line":158,"column":2},"end":{"line":158,"column":2}},{"start":{"line":158,"column":2},"end":{"line":158,"column":2}}]},"22":{"line":167,"type":"if","locations":[{"start":{"line":167,"column":2},"end":{"line":167,"column":2}},{"start":{"line":167,"column":2},"end":{"line":167,"column":2}}]},"23":{"line":167,"type":"binary-expr","locations":[{"start":{"line":167,"column":6},"end":{"line":167,"column":13}},{"start":{"line":167,"column":17},"end":{"line":167,"column":28}}]},"24":{"line":168,"type":"if","locations":[{"start":{"line":168,"column":4},"end":{"line":168,"column":4}},{"start":{"line":168,"column":4},"end":{"line":168,"column":4}}]},"25":{"line":188,"type":"if","locations":[{"start":{"line":188,"column":2},"end":{"line":188,"column":2}},{"start":{"line":188,"column":2},"end":{"line":188,"column":2}}]}},"code":["/* @deprecated Use jasmine.HtmlReporter instead"," */","jasmine.TrivialReporter = function(doc) {","  this.document = doc || document;","  this.suiteDivs = {};","  this.logRunningSpecs = false;","};","","jasmine.TrivialReporter.prototype.createDom = function(type, attrs, childrenVarArgs) {","  var el = document.createElement(type);","","  for (var i = 2; i < arguments.length; i++) {","    var child = arguments[i];","","    if (typeof child === 'string') {","      el.appendChild(document.createTextNode(child));","    } else {","      if (child) { el.appendChild(child); }","    }","  }","","  for (var attr in attrs) {","    if (attr == \"className\") {","      el[attr] = attrs[attr];","    } else {","      el.setAttribute(attr, attrs[attr]);","    }","  }","","  return el;","};","","jasmine.TrivialReporter.prototype.reportRunnerStarting = function(runner) {","  var showPassed, showSkipped;","","  this.outerDiv = this.createDom('div', { id: 'TrivialReporter', className: 'jasmine_reporter' },","      this.createDom('div', { className: 'banner' },","        this.createDom('div', { className: 'logo' },","            this.createDom('span', { className: 'title' }, \"Jasmine\"),","            this.createDom('span', { className: 'version' }, runner.env.versionString())),","        this.createDom('div', { className: 'options' },","            \"Show \",","            showPassed = this.createDom('input', { id: \"__jasmine_TrivialReporter_showPassed__\", type: 'checkbox' }),","            this.createDom('label', { \"for\": \"__jasmine_TrivialReporter_showPassed__\" }, \" passed \"),","            showSkipped = this.createDom('input', { id: \"__jasmine_TrivialReporter_showSkipped__\", type: 'checkbox' }),","            this.createDom('label', { \"for\": \"__jasmine_TrivialReporter_showSkipped__\" }, \" skipped\")","            )","          ),","","      this.runnerDiv = this.createDom('div', { className: 'runner running' },","          this.createDom('a', { className: 'run_spec', href: '?' }, \"run all\"),","          this.runnerMessageSpan = this.createDom('span', {}, \"Running...\"),","          this.finishedAtSpan = this.createDom('span', { className: 'finished-at' }, \"\"))","      );","","  this.document.body.appendChild(this.outerDiv);","","  var suites = runner.suites();","  for (var i = 0; i < suites.length; i++) {","    var suite = suites[i];","    var suiteDiv = this.createDom('div', { className: 'suite' },","        this.createDom('a', { className: 'run_spec', href: '?spec=' + encodeURIComponent(suite.getFullName()) }, \"run\"),","        this.createDom('a', { className: 'description', href: '?spec=' + encodeURIComponent(suite.getFullName()) }, suite.description));","    this.suiteDivs[suite.id] = suiteDiv;","    var parentDiv = this.outerDiv;","    if (suite.parentSuite) {","      parentDiv = this.suiteDivs[suite.parentSuite.id];","    }","    parentDiv.appendChild(suiteDiv);","  }","","  this.startedAt = new Date();","","  var self = this;","  showPassed.onclick = function(evt) {","    if (showPassed.checked) {","      self.outerDiv.className += ' show-passed';","    } else {","      self.outerDiv.className = self.outerDiv.className.replace(/ show-passed/, '');","    }","  };","","  showSkipped.onclick = function(evt) {","    if (showSkipped.checked) {","      self.outerDiv.className += ' show-skipped';","    } else {","      self.outerDiv.className = self.outerDiv.className.replace(/ show-skipped/, '');","    }","  };","};","","jasmine.TrivialReporter.prototype.reportRunnerResults = function(runner) {","  var results = runner.results();","  var className = (results.failedCount > 0) ? \"runner failed\" : \"runner passed\";","  this.runnerDiv.setAttribute(\"class\", className);","  //do it twice for IE","  this.runnerDiv.setAttribute(\"className\", className);","  var specs = runner.specs();","  var specCount = 0;","  for (var i = 0; i < specs.length; i++) {","    if (this.specFilter(specs[i])) {","      specCount++;","    }","  }","  var message = \"\" + specCount + \" spec\" + (specCount == 1 ? \"\" : \"s\" ) + \", \" + results.failedCount + \" failure\" + ((results.failedCount == 1) ? \"\" : \"s\");","  message += \" in \" + ((new Date().getTime() - this.startedAt.getTime()) / 1000) + \"s\";","  this.runnerMessageSpan.replaceChild(this.createDom('a', { className: 'description', href: '?'}, message), this.runnerMessageSpan.firstChild);","","  this.finishedAtSpan.appendChild(document.createTextNode(\"Finished at \" + new Date().toString()));","};","","jasmine.TrivialReporter.prototype.reportSuiteResults = function(suite) {","  var results = suite.results();","  var status = results.passed() ? 'passed' : 'failed';","  if (results.totalCount === 0) { // todo: change this to check results.skipped","    status = 'skipped';","  }","  this.suiteDivs[suite.id].className += \" \" + status;","};","","jasmine.TrivialReporter.prototype.reportSpecStarting = function(spec) {","  if (this.logRunningSpecs) {","    this.log('>> Jasmine Running ' + spec.suite.description + ' ' + spec.description + '...');","  }","};","","jasmine.TrivialReporter.prototype.reportSpecResults = function(spec) {","  var results = spec.results();","  var status = results.passed() ? 'passed' : 'failed';","  if (results.skipped) {","    status = 'skipped';","  }","  var specDiv = this.createDom('div', { className: 'spec '  + status },","      this.createDom('a', { className: 'run_spec', href: '?spec=' + encodeURIComponent(spec.getFullName()) }, \"run\"),","      this.createDom('a', {","        className: 'description',","        href: '?spec=' + encodeURIComponent(spec.getFullName()),","        title: spec.getFullName()","      }, spec.description));","","","  var resultItems = results.getItems();","  var messagesDiv = this.createDom('div', { className: 'messages' });","  for (var i = 0; i < resultItems.length; i++) {","    var result = resultItems[i];","","    if (result.type == 'log') {","      messagesDiv.appendChild(this.createDom('div', {className: 'resultMessage log'}, result.toString()));","    } else if (result.type == 'expect' && result.passed && !result.passed()) {","      messagesDiv.appendChild(this.createDom('div', {className: 'resultMessage fail'}, result.message));","","      if (result.trace.stack) {","        messagesDiv.appendChild(this.createDom('div', {className: 'stackTrace'}, result.trace.stack));","      }","    }","  }","","  if (messagesDiv.childNodes.length > 0) {","    specDiv.appendChild(messagesDiv);","  }","","  this.suiteDivs[spec.suite.id].appendChild(specDiv);","};","","jasmine.TrivialReporter.prototype.log = function() {","  var console = jasmine.getGlobal().console;","  if (console && console.log) {","    if (console.log.apply) {","      console.log.apply(console, arguments);","    } else {","      console.log(arguments); // ie fix: console.log.apply doesn't exist on ie","    }","  }","};","","jasmine.TrivialReporter.prototype.getLocation = function() {","  return this.document.location;","};","","jasmine.TrivialReporter.prototype.specFilter = function(spec) {","  var paramMap = {};","  var params = this.getLocation().search.substring(1).split('&');","  for (var i = 0; i < params.length; i++) {","    var p = params[i].split('=');","    paramMap[decodeURIComponent(p[0])] = decodeURIComponent(p[1]);","  }","","  if (!paramMap.spec) {","    return true;","  }","  return spec.getFullName().indexOf(paramMap.spec) === 0;","};",""],"l":{"3":2,"4":0,"5":0,"6":0,"9":0,"10":0,"12":0,"13":0,"15":0,"16":0,"18":0,"22":0,"23":0,"24":0,"26":0,"30":0,"33":0,"34":0,"36":0,"56":0,"58":0,"59":0,"60":0,"61":0,"64":0,"65":0,"66":0,"67":0,"69":0,"72":0,"74":0,"75":0,"76":0,"77":0,"79":0,"83":0,"84":0,"85":0,"87":0,"92":0,"93":0,"94":0,"95":0,"97":0,"98":0,"99":0,"100":0,"101":0,"102":0,"105":0,"106":0,"107":0,"109":0,"112":0,"113":0,"114":0,"115":0,"116":0,"118":0,"121":0,"122":0,"123":0,"127":0,"128":0,"129":0,"130":0,"131":0,"133":0,"142":0,"143":0,"144":0,"145":0,"147":0,"148":0,"149":0,"150":0,"152":0,"153":0,"158":0,"159":0,"162":0,"165":0,"166":0,"167":0,"168":0,"169":0,"171":0,"176":0,"177":0,"180":0,"181":0,"182":0,"183":0,"184":0,"185":0,"188":0,"189":0,"191":0}},"/home/travis/build/npmtest/node-npmtest-pushwoosh-cordova-plugin/node_modules/pushwoosh-cordova-plugin/src/windows/PushwooshPluginProxy.js":{"path":"/home/travis/build/npmtest/node-npmtest-pushwoosh-cordova-plugin/node_modules/pushwoosh-cordova-plugin/src/windows/PushwooshPluginProxy.js","s":{"1":2,"2":0,"3":0,"4":0,"5":0,"6":0,"7":0,"8":0,"9":0,"10":0,"11":0,"12":0,"13":0,"14":0,"15":0,"16":0,"17":0,"18":0,"19":0,"20":0,"21":0,"22":0,"23":0,"24":0,"25":0,"26":0,"27":0,"28":0,"29":0,"30":0,"31":0,"32":0,"33":0,"34":0,"35":0,"36":0,"37":0,"38":0,"39":0,"40":0,"41":0,"42":0,"43":0},"b":{"1":[0,0],"2":[0,0],"3":[0,0],"4":[0,0]},"f":{"1":0,"2":0,"3":0,"4":0,"5":0,"6":0,"7":0,"8":0,"9":0,"10":0,"11":0,"12":0,"13":0,"14":0,"15":0,"16":0,"17":0},"fnMap":{"1":{"name":"(anonymous_1)","line":9,"loc":{"start":{"line":9,"column":17},"end":{"line":9,"column":49}}},"2":{"name":"(anonymous_2)","line":24,"loc":{"start":{"line":24,"column":17},"end":{"line":24,"column":42}}},"3":{"name":"(anonymous_3)","line":27,"loc":{"start":{"line":27,"column":14},"end":{"line":27,"column":26}}},"4":{"name":"(anonymous_4)","line":30,"loc":{"start":{"line":30,"column":39},"end":{"line":30,"column":56}}},"5":{"name":"(anonymous_5)","line":36,"loc":{"start":{"line":36,"column":34},"end":{"line":36,"column":50}}},"6":{"name":"(anonymous_6)","line":38,"loc":{"start":{"line":38,"column":14},"end":{"line":38,"column":26}}},"7":{"name":"(anonymous_7)","line":44,"loc":{"start":{"line":44,"column":19},"end":{"line":44,"column":43}}},"8":{"name":"(anonymous_8)","line":45,"loc":{"start":{"line":45,"column":40},"end":{"line":45,"column":52}}},"9":{"name":"(anonymous_9)","line":48,"loc":{"start":{"line":48,"column":19},"end":{"line":48,"column":38}}},"10":{"name":"(anonymous_10)","line":52,"loc":{"start":{"line":52,"column":15},"end":{"line":52,"column":33}}},"11":{"name":"(anonymous_11)","line":56,"loc":{"start":{"line":56,"column":24},"end":{"line":56,"column":48}}},"12":{"name":"(anonymous_12)","line":61,"loc":{"start":{"line":61,"column":23},"end":{"line":61,"column":47}}},"13":{"name":"(anonymous_13)","line":66,"loc":{"start":{"line":66,"column":10},"end":{"line":66,"column":35}}},"14":{"name":"(anonymous_14)","line":68,"loc":{"start":{"line":68,"column":3},"end":{"line":68,"column":33}}},"15":{"name":"(anonymous_15)","line":72,"loc":{"start":{"line":72,"column":3},"end":{"line":72,"column":28}}},"16":{"name":"(anonymous_16)","line":78,"loc":{"start":{"line":78,"column":10},"end":{"line":78,"column":41}}},"17":{"name":"(anonymous_17)","line":91,"loc":{"start":{"line":91,"column":32},"end":{"line":91,"column":64}}}},"statementMap":{"1":{"start":{"line":1,"column":0},"end":{"line":2,"column":48}},"2":{"start":{"line":5,"column":1},"end":{"line":5,"column":44}},"3":{"start":{"line":7,"column":0},"end":{"line":95,"column":2}},"4":{"start":{"line":10,"column":2},"end":{"line":10,"column":77}},"5":{"start":{"line":12,"column":2},"end":{"line":12,"column":27}},"6":{"start":{"line":14,"column":2},"end":{"line":16,"column":3}},"7":{"start":{"line":15,"column":3},"end":{"line":15,"column":51}},"8":{"start":{"line":18,"column":2},"end":{"line":19,"column":62}},"9":{"start":{"line":19,"column":3},"end":{"line":19,"column":62}},"10":{"start":{"line":21,"column":2},"end":{"line":21,"column":12}},"11":{"start":{"line":25,"column":2},"end":{"line":28,"column":3}},"12":{"start":{"line":27,"column":3},"end":{"line":27,"column":67}},"13":{"start":{"line":27,"column":28},"end":{"line":27,"column":58}},"14":{"start":{"line":30,"column":2},"end":{"line":32,"column":4}},"15":{"start":{"line":31,"column":3},"end":{"line":31,"column":36}},"16":{"start":{"line":34,"column":2},"end":{"line":34,"column":42}},"17":{"start":{"line":36,"column":2},"end":{"line":39,"column":3}},"18":{"start":{"line":37,"column":3},"end":{"line":37,"column":134}},"19":{"start":{"line":38,"column":3},"end":{"line":38,"column":130}},"20":{"start":{"line":38,"column":28},"end":{"line":38,"column":123}},"21":{"start":{"line":41,"column":2},"end":{"line":41,"column":40}},"22":{"start":{"line":45,"column":5},"end":{"line":45,"column":74}},"23":{"start":{"line":45,"column":54},"end":{"line":45,"column":64}},"24":{"start":{"line":49,"column":2},"end":{"line":49,"column":39}},"25":{"start":{"line":53,"column":2},"end":{"line":53,"column":34}},"26":{"start":{"line":57,"column":2},"end":{"line":57,"column":34}},"27":{"start":{"line":58,"column":2},"end":{"line":58,"column":12}},"28":{"start":{"line":62,"column":2},"end":{"line":62,"column":38}},"29":{"start":{"line":63,"column":2},"end":{"line":63,"column":12}},"30":{"start":{"line":67,"column":2},"end":{"line":75,"column":4}},"31":{"start":{"line":69,"column":4},"end":{"line":69,"column":38}},"32":{"start":{"line":70,"column":4},"end":{"line":70,"column":18}},"33":{"start":{"line":73,"column":4},"end":{"line":73,"column":16}},"34":{"start":{"line":79,"column":2},"end":{"line":79,"column":16}},"35":{"start":{"line":80,"column":2},"end":{"line":80,"column":18}},"36":{"start":{"line":82,"column":2},"end":{"line":85,"column":3}},"37":{"start":{"line":83,"column":3},"end":{"line":83,"column":18}},"38":{"start":{"line":84,"column":3},"end":{"line":84,"column":29}},"39":{"start":{"line":87,"column":2},"end":{"line":87,"column":49}},"40":{"start":{"line":88,"column":2},"end":{"line":88,"column":12}},"41":{"start":{"line":92,"column":2},"end":{"line":92,"column":33}},"42":{"start":{"line":93,"column":2},"end":{"line":93,"column":37}},"43":{"start":{"line":97,"column":0},"end":{"line":97,"column":70}}},"branchMap":{"1":{"line":14,"type":"if","locations":[{"start":{"line":14,"column":2},"end":{"line":14,"column":2}},{"start":{"line":14,"column":2},"end":{"line":14,"column":2}}]},"2":{"line":14,"type":"binary-expr","locations":[{"start":{"line":14,"column":6},"end":{"line":14,"column":32}},{"start":{"line":14,"column":36},"end":{"line":14,"column":67}}]},"3":{"line":18,"type":"if","locations":[{"start":{"line":18,"column":2},"end":{"line":18,"column":2}},{"start":{"line":18,"column":2},"end":{"line":18,"column":2}}]},"4":{"line":25,"type":"if","locations":[{"start":{"line":25,"column":2},"end":{"line":25,"column":2}},{"start":{"line":25,"column":2},"end":{"line":25,"column":2}}]}},"code":["var cordova = require('cordova'),","\tpushwooshPlugin= require('./PushNotification');","","","\tvar platform = require('cordova/platform');","","module.exports = {","","\tonDeviceReady : function(success, fail, config) {","\t\tthis.service = new PushSDK.NotificationService.getCurrent(config[0].appid);","","\t\tvar startPushData = null;","\t","\t\tif (platform.activationContext && platform.activationContext.args) {","\t\t\tstartPushData = platform.activationContext.args;","\t\t}","\t","\t\tif (startPushData !== null)","\t\t\tPushSDK.NotificationService.handleStartPush(startPushData);","","\t\tsuccess();","\t},","","\tregisterDevice: function (success, fail) {","\t\tif (!this.service) {","\t\t\t// postpone","\t\t\tsetTimeout(function () { registerDevice(success, fail) }, 1000);","\t\t}","","\t\tthis.service.ononpushtokenreceived = function (token) {","\t\t\tsuccess({ \"pushToken\" : token });","\t\t};","","\t\tthis.service.ononpushtokenfailed = fail;","","\t\tthis.service.ononpushaccepted = function (args) {","\t\t\tvar unifiedPush = { \"onStart\": args.onStart, \"foreground\": !args.onStart, \"userdata\": JSON.parse(args.userData), \"windows\": args };","\t\t\tsetTimeout(function () { cordova.require(\"pushwoosh-cordova-plugin.PushNotification\").notificationCallback(unifiedPush); }, 0);","\t\t}","","\t\tthis.service.subscribeToPushService();","\t},","","\tunregisterDevice: function(success, fail) {","\t    this.service.unsubscribeFromPushes(function () { success(); }, fail);","\t},","","\tgetPushwooshHWID: function (success) {","\t\tsuccess(this.service.deviceUniqueID);","\t},","","\tgetPushToken: function(success) {","\t\tsuccess(this.service.pushToken);","\t},","","\tstartLocationTracking: function(success, fail) {","\t\tthis.service.startGeoLocation();","\t\tsuccess();","\t},","","\tstopLocationTracking: function(success, fail) {","\t\tthis.service.stopLocationTracking();","\t\tsuccess();","\t},","","\tgetTags: function (success, fail) {","\t\tthis.service.getTags(","\t\t\tfunction (sender, tagsString) {","\t\t\t\tvar tags = JSON.parse(tagsString);","\t\t\t\tsuccess(tags);","\t\t\t},","\t\t\tfunction (sender, error) {","\t\t\t\tfail(error);","\t\t\t}","\t\t);","\t},","","\tsetTags: function (success, fail, tags) {","\t\tvar keys = [];","\t\tvar values = [];","","\t\tfor (key in tags[0]) {","\t\t\tkeys.push(key);","\t\t\tvalues.push(tags[0][key]);","\t\t}","","\t\tthis.service.sendTag(keys, values, null, null);","\t\tsuccess();","\t},","","\tsetApplicationIconBadgeNumber: function(success, fail, config) {","\t\tvar badge = config[0][\"badge\"];","\t\tthis.service.setBadgeNumber(badge);","\t}","};","","require(\"cordova/exec/proxy\").add(\"PushNotification\", module.exports);",""],"l":{"1":2,"5":0,"7":0,"10":0,"12":0,"14":0,"15":0,"18":0,"19":0,"21":0,"25":0,"27":0,"30":0,"31":0,"34":0,"36":0,"37":0,"38":0,"41":0,"45":0,"49":0,"53":0,"57":0,"58":0,"62":0,"63":0,"67":0,"69":0,"70":0,"73":0,"79":0,"80":0,"82":0,"83":0,"84":0,"87":0,"88":0,"92":0,"93":0,"97":0}}}